{"C:\\Users\\Arie\\Documents\\Hacktiv8\\Materi\\Phase 3\\Final-Project\\CyberScape-server\\app.js": {"path":"C:\\Users\\Arie\\Documents\\Hacktiv8\\Materi\\Phase 3\\Final-Project\\CyberScape-server\\app.js","statementMap":{"0":{"start":{"line":1,"column":0},"end":{"line":3,"column":1}},"1":{"start":{"line":2,"column":4},"end":{"line":2,"column":31}},"2":{"start":{"line":5,"column":13},"end":{"line":5,"column":28}},"3":{"start":{"line":6,"column":16},"end":{"line":6,"column":34}},"4":{"start":{"line":7,"column":15},"end":{"line":7,"column":34}},"5":{"start":{"line":8,"column":12},"end":{"line":8,"column":21}},"6":{"start":{"line":9,"column":16},"end":{"line":9,"column":42}},"7":{"start":{"line":11,"column":0},"end":{"line":14,"column":3}},"8":{"start":{"line":16,"column":0},"end":{"line":16,"column":16}},"9":{"start":{"line":17,"column":0},"end":{"line":17,"column":24}},"10":{"start":{"line":18,"column":0},"end":{"line":18,"column":49}},"11":{"start":{"line":19,"column":0},"end":{"line":19,"column":16}},"12":{"start":{"line":22,"column":0},"end":{"line":168,"column":3}},"13":{"start":{"line":23,"column":26},"end":{"line":23,"column":84}},"14":{"start":{"line":24,"column":4},"end":{"line":167,"column":5}},"15":{"start":{"line":26,"column":12},"end":{"line":26,"column":46}},"16":{"start":{"line":28,"column":12},"end":{"line":30,"column":15}},"17":{"start":{"line":31,"column":12},"end":{"line":31,"column":18}},"18":{"start":{"line":34,"column":12},"end":{"line":34,"column":46}},"19":{"start":{"line":42,"column":12},"end":{"line":44,"column":15}},"20":{"start":{"line":45,"column":12},"end":{"line":45,"column":18}},"21":{"start":{"line":48,"column":12},"end":{"line":50,"column":15}},"22":{"start":{"line":51,"column":12},"end":{"line":51,"column":18}},"23":{"start":{"line":54,"column":12},"end":{"line":56,"column":15}},"24":{"start":{"line":57,"column":12},"end":{"line":57,"column":18}},"25":{"start":{"line":60,"column":12},"end":{"line":62,"column":15}},"26":{"start":{"line":63,"column":12},"end":{"line":63,"column":18}},"27":{"start":{"line":66,"column":12},"end":{"line":68,"column":14}},"28":{"start":{"line":69,"column":12},"end":{"line":69,"column":18}},"29":{"start":{"line":72,"column":12},"end":{"line":74,"column":15}},"30":{"start":{"line":75,"column":12},"end":{"line":75,"column":18}},"31":{"start":{"line":78,"column":12},"end":{"line":80,"column":15}},"32":{"start":{"line":81,"column":12},"end":{"line":81,"column":18}},"33":{"start":{"line":84,"column":12},"end":{"line":86,"column":14}},"34":{"start":{"line":87,"column":12},"end":{"line":87,"column":18}},"35":{"start":{"line":90,"column":13},"end":{"line":92,"column":15}},"36":{"start":{"line":93,"column":12},"end":{"line":93,"column":18}},"37":{"start":{"line":96,"column":12},"end":{"line":98,"column":15}},"38":{"start":{"line":99,"column":12},"end":{"line":99,"column":18}},"39":{"start":{"line":102,"column":12},"end":{"line":104,"column":15}},"40":{"start":{"line":105,"column":12},"end":{"line":105,"column":18}},"41":{"start":{"line":108,"column":12},"end":{"line":110,"column":15}},"42":{"start":{"line":111,"column":12},"end":{"line":111,"column":18}},"43":{"start":{"line":121,"column":12},"end":{"line":123,"column":15}},"44":{"start":{"line":124,"column":12},"end":{"line":124,"column":18}},"45":{"start":{"line":127,"column":12},"end":{"line":129,"column":15}},"46":{"start":{"line":130,"column":12},"end":{"line":130,"column":18}},"47":{"start":{"line":133,"column":12},"end":{"line":135,"column":15}},"48":{"start":{"line":136,"column":12},"end":{"line":136,"column":18}},"49":{"start":{"line":139,"column":12},"end":{"line":141,"column":15}},"50":{"start":{"line":142,"column":12},"end":{"line":142,"column":18}},"51":{"start":{"line":145,"column":12},"end":{"line":147,"column":14}},"52":{"start":{"line":148,"column":12},"end":{"line":148,"column":18}},"53":{"start":{"line":151,"column":12},"end":{"line":153,"column":14}},"54":{"start":{"line":154,"column":12},"end":{"line":154,"column":18}},"55":{"start":{"line":157,"column":12},"end":{"line":159,"column":14}},"56":{"start":{"line":160,"column":12},"end":{"line":160,"column":18}},"57":{"start":{"line":163,"column":12},"end":{"line":165,"column":15}},"58":{"start":{"line":166,"column":12},"end":{"line":166,"column":18}},"59":{"start":{"line":170,"column":0},"end":{"line":170,"column":21}},"60":{"start":{"line":177,"column":38},"end":{"line":177,"column":36064}},"61":{"start":{"line":177,"column":42},"end":{"line":177,"column":36053}},"62":{"start":{"line":177,"column":36089},"end":{"line":177,"column":36129}},"63":{"start":{"line":177,"column":36093},"end":{"line":177,"column":36118}},"64":{"start":{"line":177,"column":36130},"end":{"line":177,"column":36138}},"65":{"start":{"line":177,"column":36163},"end":{"line":177,"column":36205}},"66":{"start":{"line":177,"column":36167},"end":{"line":177,"column":36194}},"67":{"start":{"line":177,"column":36206},"end":{"line":177,"column":36214}},"68":{"start":{"line":177,"column":36233},"end":{"line":177,"column":36270}},"69":{"start":{"line":177,"column":36237},"end":{"line":177,"column":36259}},"70":{"start":{"line":177,"column":36289},"end":{"line":177,"column":36329}},"71":{"start":{"line":177,"column":36293},"end":{"line":177,"column":36318}}},"fnMap":{"0":{"name":"(anonymous_0)","decl":{"start":{"line":22,"column":8},"end":{"line":22,"column":9}},"loc":{"start":{"line":22,"column":35},"end":{"line":168,"column":1}},"line":22},"1":{"name":"oo_cm","decl":{"start":{"line":177,"column":30},"end":{"line":177,"column":35}},"loc":{"start":{"line":177,"column":37},"end":{"line":177,"column":36065}},"line":177},"2":{"name":"oo_oo","decl":{"start":{"line":177,"column":36075},"end":{"line":177,"column":36080}},"loc":{"start":{"line":177,"column":36088},"end":{"line":177,"column":36139}},"line":177},"3":{"name":"oo_tr","decl":{"start":{"line":177,"column":36149},"end":{"line":177,"column":36154}},"loc":{"start":{"line":177,"column":36162},"end":{"line":177,"column":36215}},"line":177},"4":{"name":"oo_ts","decl":{"start":{"line":177,"column":36225},"end":{"line":177,"column":36230}},"loc":{"start":{"line":177,"column":36232},"end":{"line":177,"column":36271}},"line":177},"5":{"name":"oo_te","decl":{"start":{"line":177,"column":36281},"end":{"line":177,"column":36286}},"loc":{"start":{"line":177,"column":36288},"end":{"line":177,"column":36330}},"line":177}},"branchMap":{"0":{"loc":{"start":{"line":1,"column":0},"end":{"line":3,"column":1}},"type":"if","locations":[{"start":{"line":1,"column":0},"end":{"line":3,"column":1}},{"start":{},"end":{}}],"line":1},"1":{"loc":{"start":{"line":24,"column":4},"end":{"line":167,"column":5}},"type":"switch","locations":[{"start":{"line":25,"column":8},"end":{"line":31,"column":18}},{"start":{"line":33,"column":8},"end":{"line":45,"column":18}},{"start":{"line":47,"column":8},"end":{"line":51,"column":18}},{"start":{"line":53,"column":8},"end":{"line":57,"column":18}},{"start":{"line":59,"column":8},"end":{"line":63,"column":18}},{"start":{"line":65,"column":8},"end":{"line":69,"column":18}},{"start":{"line":71,"column":8},"end":{"line":75,"column":18}},{"start":{"line":77,"column":8},"end":{"line":81,"column":18}},{"start":{"line":83,"column":8},"end":{"line":87,"column":18}},{"start":{"line":89,"column":8},"end":{"line":93,"column":18}},{"start":{"line":95,"column":8},"end":{"line":99,"column":18}},{"start":{"line":101,"column":8},"end":{"line":105,"column":18}},{"start":{"line":107,"column":8},"end":{"line":111,"column":18}},{"start":{"line":120,"column":8},"end":{"line":124,"column":18}},{"start":{"line":126,"column":8},"end":{"line":130,"column":18}},{"start":{"line":132,"column":8},"end":{"line":136,"column":18}},{"start":{"line":138,"column":8},"end":{"line":142,"column":18}},{"start":{"line":144,"column":8},"end":{"line":148,"column":18}},{"start":{"line":150,"column":8},"end":{"line":154,"column":18}},{"start":{"line":156,"column":8},"end":{"line":160,"column":18}},{"start":{"line":162,"column":8},"end":{"line":166,"column":18}}],"line":24},"2":{"loc":{"start":{"line":177,"column":49},"end":{"line":177,"column":36052}},"type":"binary-expr","locations":[{"start":{"line":177,"column":49},"end":{"line":177,"column":86}},{"start":{"line":177,"column":90},"end":{"line":177,"column":36052}}],"line":177}},"s":{"0":6,"1":6,"2":6,"3":6,"4":6,"5":6,"6":6,"7":6,"8":6,"9":6,"10":6,"11":6,"12":6,"13":33,"14":33,"15":9,"16":9,"17":9,"18":1,"19":1,"20":1,"21":12,"22":12,"23":2,"24":2,"25":1,"26":1,"27":1,"28":1,"29":1,"30":1,"31":1,"32":1,"33":0,"34":0,"35":0,"36":0,"37":0,"38":0,"39":0,"40":0,"41":1,"42":1,"43":1,"44":1,"45":0,"46":0,"47":0,"48":0,"49":0,"50":0,"51":0,"52":0,"53":0,"54":0,"55":1,"56":1,"57":2,"58":2,"59":6,"60":33,"61":33,"62":33,"63":33,"64":33,"65":0,"66":0,"67":0,"68":0,"69":0,"70":0,"71":0},"f":{"0":33,"1":33,"2":33,"3":0,"4":0,"5":0},"b":{"0":[6,0],"1":[9,1,12,2,1,1,1,1,0,0,0,0,1,1,0,0,0,0,0,1,2],"2":[33,4]},"_coverageSchema":"1a1c01bbd47fc00a2c39e90264f33305004495a9","hash":"af6ba492e73ea1bc43ffa9681cfd877410f4a37d"}
,"C:\\Users\\Arie\\Documents\\Hacktiv8\\Materi\\Phase 3\\Final-Project\\CyberScape-server\\controllers\\NFTsController.js": {"path":"C:\\Users\\Arie\\Documents\\Hacktiv8\\Materi\\Phase 3\\Final-Project\\CyberScape-server\\controllers\\NFTsController.js","statementMap":{"0":{"start":{"line":1,"column":16},"end":{"line":1,"column":42}},"1":{"start":{"line":2,"column":21},"end":{"line":2,"column":61}},"2":{"start":{"line":3,"column":39},"end":{"line":3,"column":59}},"3":{"start":{"line":4,"column":22},"end":{"line":4,"column":49}},"4":{"start":{"line":5,"column":16},"end":{"line":5,"column":42}},"5":{"start":{"line":10,"column":8},"end":{"line":147,"column":9}},"6":{"start":{"line":12,"column":32},"end":{"line":12,"column":34}},"7":{"start":{"line":13,"column":12},"end":{"line":141,"column":13}},"8":{"start":{"line":13,"column":25},"end":{"line":13,"column":26}},"9":{"start":{"line":14,"column":62},"end":{"line":14,"column":72}},"10":{"start":{"line":15,"column":29},"end":{"line":15,"column":33}},"11":{"start":{"line":20,"column":30},"end":{"line":20,"column":47}},"12":{"start":{"line":22,"column":36},"end":{"line":22,"column":88}},"13":{"start":{"line":23,"column":42},"end":{"line":32,"column":18}},"14":{"start":{"line":34,"column":16},"end":{"line":34,"column":59}},"15":{"start":{"line":34,"column":30},"end":{"line":34,"column":59}},"16":{"start":{"line":36,"column":33},"end":{"line":36,"column":42}},"17":{"start":{"line":38,"column":16},"end":{"line":94,"column":17}},"18":{"start":{"line":39,"column":36},"end":{"line":47,"column":22}},"19":{"start":{"line":50,"column":57},"end":{"line":50,"column":64}},"20":{"start":{"line":51,"column":54},"end":{"line":51,"column":64}},"21":{"start":{"line":52,"column":37},"end":{"line":52,"column":49}},"22":{"start":{"line":53,"column":45},"end":{"line":53,"column":54}},"23":{"start":{"line":55,"column":40},"end":{"line":59,"column":22}},"24":{"start":{"line":61,"column":20},"end":{"line":61,"column":47}},"25":{"start":{"line":63,"column":44},"end":{"line":74,"column":22}},"26":{"start":{"line":76,"column":20},"end":{"line":76,"column":42}},"27":{"start":{"line":76,"column":34},"end":{"line":76,"column":42}},"28":{"start":{"line":77,"column":21},"end":{"line":77,"column":50}},"29":{"start":{"line":79,"column":20},"end":{"line":93,"column":22}},"30":{"start":{"line":83,"column":79},"end":{"line":83,"column":82}},"31":{"start":{"line":84,"column":58},"end":{"line":84,"column":77}},"32":{"start":{"line":85,"column":42},"end":{"line":85,"column":75}},"33":{"start":{"line":86,"column":28},"end":{"line":91,"column":29}},"34":{"start":{"line":96,"column":41},"end":{"line":96,"column":49}},"35":{"start":{"line":98,"column":16},"end":{"line":138,"column":17}},"36":{"start":{"line":104,"column":24},"end":{"line":104,"column":27}},"37":{"start":{"line":106,"column":38},"end":{"line":106,"column":46}},"38":{"start":{"line":108,"column":20},"end":{"line":110,"column":21}},"39":{"start":{"line":109,"column":24},"end":{"line":109,"column":104}},"40":{"start":{"line":112,"column":44},"end":{"line":122,"column":22}},"41":{"start":{"line":124,"column":20},"end":{"line":124,"column":42}},"42":{"start":{"line":124,"column":34},"end":{"line":124,"column":42}},"43":{"start":{"line":125,"column":20},"end":{"line":125,"column":48}},"44":{"start":{"line":127,"column":20},"end":{"line":127,"column":39}},"45":{"start":{"line":129,"column":20},"end":{"line":133,"column":22}},"46":{"start":{"line":135,"column":20},"end":{"line":136,"column":57}},"47":{"start":{"line":136,"column":24},"end":{"line":136,"column":56}},"48":{"start":{"line":140,"column":16},"end":{"line":140,"column":43}},"49":{"start":{"line":143,"column":12},"end":{"line":143,"column":46}},"50":{"start":{"line":146,"column":12},"end":{"line":146,"column":24}},"51":{"start":{"line":151,"column":8},"end":{"line":182,"column":9}},"52":{"start":{"line":152,"column":28},"end":{"line":152,"column":37}},"53":{"start":{"line":154,"column":33},"end":{"line":168,"column":13}},"54":{"start":{"line":170,"column":12},"end":{"line":175,"column":13}},"55":{"start":{"line":171,"column":16},"end":{"line":174,"column":17}},"56":{"start":{"line":177,"column":28},"end":{"line":177,"column":61}},"57":{"start":{"line":179,"column":12},"end":{"line":179,"column":42}},"58":{"start":{"line":181,"column":12},"end":{"line":181,"column":24}},"59":{"start":{"line":186,"column":0},"end":{"line":186,"column":32}},"60":{"start":{"line":193,"column":38},"end":{"line":193,"column":36064}},"61":{"start":{"line":193,"column":42},"end":{"line":193,"column":36053}},"62":{"start":{"line":193,"column":36089},"end":{"line":193,"column":36129}},"63":{"start":{"line":193,"column":36093},"end":{"line":193,"column":36118}},"64":{"start":{"line":193,"column":36130},"end":{"line":193,"column":36138}},"65":{"start":{"line":193,"column":36163},"end":{"line":193,"column":36205}},"66":{"start":{"line":193,"column":36167},"end":{"line":193,"column":36194}},"67":{"start":{"line":193,"column":36206},"end":{"line":193,"column":36214}},"68":{"start":{"line":193,"column":36233},"end":{"line":193,"column":36270}},"69":{"start":{"line":193,"column":36237},"end":{"line":193,"column":36259}},"70":{"start":{"line":193,"column":36289},"end":{"line":193,"column":36329}},"71":{"start":{"line":193,"column":36293},"end":{"line":193,"column":36318}}},"fnMap":{"0":{"name":"(anonymous_0)","decl":{"start":{"line":9,"column":4},"end":{"line":9,"column":5}},"loc":{"start":{"line":9,"column":45},"end":{"line":148,"column":5}},"line":9},"1":{"name":"(anonymous_1)","decl":{"start":{"line":82,"column":41},"end":{"line":82,"column":42}},"loc":{"start":{"line":82,"column":48},"end":{"line":92,"column":25}},"line":82},"2":{"name":"(anonymous_2)","decl":{"start":{"line":150,"column":4},"end":{"line":150,"column":5}},"loc":{"start":{"line":150,"column":50},"end":{"line":183,"column":5}},"line":150},"3":{"name":"oo_cm","decl":{"start":{"line":193,"column":30},"end":{"line":193,"column":35}},"loc":{"start":{"line":193,"column":37},"end":{"line":193,"column":36065}},"line":193},"4":{"name":"oo_oo","decl":{"start":{"line":193,"column":36075},"end":{"line":193,"column":36080}},"loc":{"start":{"line":193,"column":36088},"end":{"line":193,"column":36139}},"line":193},"5":{"name":"oo_tr","decl":{"start":{"line":193,"column":36149},"end":{"line":193,"column":36154}},"loc":{"start":{"line":193,"column":36162},"end":{"line":193,"column":36215}},"line":193},"6":{"name":"oo_ts","decl":{"start":{"line":193,"column":36225},"end":{"line":193,"column":36230}},"loc":{"start":{"line":193,"column":36232},"end":{"line":193,"column":36271}},"line":193},"7":{"name":"oo_te","decl":{"start":{"line":193,"column":36281},"end":{"line":193,"column":36286}},"loc":{"start":{"line":193,"column":36288},"end":{"line":193,"column":36330}},"line":193}},"branchMap":{"0":{"loc":{"start":{"line":34,"column":16},"end":{"line":34,"column":59}},"type":"if","locations":[{"start":{"line":34,"column":16},"end":{"line":34,"column":59}},{"start":{},"end":{}}],"line":34},"1":{"loc":{"start":{"line":38,"column":16},"end":{"line":94,"column":17}},"type":"if","locations":[{"start":{"line":38,"column":16},"end":{"line":94,"column":17}},{"start":{},"end":{}}],"line":38},"2":{"loc":{"start":{"line":76,"column":20},"end":{"line":76,"column":42}},"type":"if","locations":[{"start":{"line":76,"column":20},"end":{"line":76,"column":42}},{"start":{},"end":{}}],"line":76},"3":{"loc":{"start":{"line":108,"column":20},"end":{"line":110,"column":21}},"type":"if","locations":[{"start":{"line":108,"column":20},"end":{"line":110,"column":21}},{"start":{},"end":{}}],"line":108},"4":{"loc":{"start":{"line":108,"column":24},"end":{"line":108,"column":72}},"type":"binary-expr","locations":[{"start":{"line":108,"column":24},"end":{"line":108,"column":35}},{"start":{"line":108,"column":39},"end":{"line":108,"column":72}}],"line":108},"5":{"loc":{"start":{"line":124,"column":20},"end":{"line":124,"column":42}},"type":"if","locations":[{"start":{"line":124,"column":20},"end":{"line":124,"column":42}},{"start":{},"end":{}}],"line":124},"6":{"loc":{"start":{"line":135,"column":20},"end":{"line":136,"column":57}},"type":"if","locations":[{"start":{"line":135,"column":20},"end":{"line":136,"column":57}},{"start":{},"end":{}}],"line":135},"7":{"loc":{"start":{"line":170,"column":12},"end":{"line":175,"column":13}},"type":"if","locations":[{"start":{"line":170,"column":12},"end":{"line":175,"column":13}},{"start":{},"end":{}}],"line":170},"8":{"loc":{"start":{"line":193,"column":49},"end":{"line":193,"column":36052}},"type":"binary-expr","locations":[{"start":{"line":193,"column":49},"end":{"line":193,"column":86}},{"start":{"line":193,"column":90},"end":{"line":193,"column":36052}}],"line":193}},"s":{"0":6,"1":6,"2":6,"3":6,"4":6,"5":1,"6":1,"7":1,"8":1,"9":1,"10":1,"11":1,"12":1,"13":1,"14":1,"15":1,"16":0,"17":0,"18":0,"19":0,"20":0,"21":0,"22":0,"23":0,"24":0,"25":0,"26":0,"27":0,"28":0,"29":0,"30":0,"31":0,"32":0,"33":0,"34":0,"35":0,"36":0,"37":0,"38":0,"39":0,"40":0,"41":0,"42":0,"43":0,"44":0,"45":0,"46":0,"47":0,"48":0,"49":0,"50":1,"51":1,"52":1,"53":1,"54":1,"55":0,"56":1,"57":1,"58":0,"59":6,"60":1,"61":1,"62":1,"63":1,"64":1,"65":0,"66":0,"67":0,"68":0,"69":0,"70":0,"71":0},"f":{"0":1,"1":0,"2":1,"3":1,"4":1,"5":0,"6":0,"7":0},"b":{"0":[1,0],"1":[0,0],"2":[0,0],"3":[0,0],"4":[0,0],"5":[0,0],"6":[0,0],"7":[0,1],"8":[1,1]},"_coverageSchema":"1a1c01bbd47fc00a2c39e90264f33305004495a9","hash":"0d18cd65c67577eb2b32c18dcc7723b910da66e6"}
,"C:\\Users\\Arie\\Documents\\Hacktiv8\\Materi\\Phase 3\\Final-Project\\CyberScape-server\\controllers\\newsController.js": {"path":"C:\\Users\\Arie\\Documents\\Hacktiv8\\Materi\\Phase 3\\Final-Project\\CyberScape-server\\controllers\\newsController.js","statementMap":{"0":{"start":{"line":1,"column":16},"end":{"line":1,"column":34}},"1":{"start":{"line":2,"column":16},"end":{"line":2,"column":63}},"2":{"start":{"line":6,"column":4},"end":{"line":22,"column":5}},"3":{"start":{"line":7,"column":19},"end":{"line":7,"column":29}},"4":{"start":{"line":8,"column":6},"end":{"line":8,"column":39}},"5":{"start":{"line":9,"column":28},"end":{"line":9,"column":60}},"6":{"start":{"line":11,"column":19},"end":{"line":17,"column":8}},"7":{"start":{"line":19,"column":6},"end":{"line":19,"column":33}},"8":{"start":{"line":21,"column":6},"end":{"line":21,"column":18}},"9":{"start":{"line":26,"column":0},"end":{"line":26,"column":32}}},"fnMap":{"0":{"name":"(anonymous_0)","decl":{"start":{"line":5,"column":2},"end":{"line":5,"column":3}},"loc":{"start":{"line":5,"column":42},"end":{"line":23,"column":3}},"line":5}},"branchMap":{},"s":{"0":6,"1":6,"2":1,"3":1,"4":1,"5":1,"6":1,"7":1,"8":0,"9":6},"f":{"0":1},"b":{},"_coverageSchema":"1a1c01bbd47fc00a2c39e90264f33305004495a9","hash":"40b9d9e93985d6c57afaec66a9f0dc31bac982e5"}
,"C:\\Users\\Arie\\Documents\\Hacktiv8\\Materi\\Phase 3\\Final-Project\\CyberScape-server\\controllers\\ratingsControllers.js": {"path":"C:\\Users\\Arie\\Documents\\Hacktiv8\\Materi\\Phase 3\\Final-Project\\CyberScape-server\\controllers\\ratingsControllers.js","statementMap":{"0":{"start":{"line":1,"column":24},"end":{"line":1,"column":44}},"1":{"start":{"line":5,"column":8},"end":{"line":49,"column":9}},"2":{"start":{"line":6,"column":27},"end":{"line":6,"column":43}},"3":{"start":{"line":7,"column":26},"end":{"line":7,"column":39}},"4":{"start":{"line":8,"column":30},"end":{"line":8,"column":39}},"5":{"start":{"line":10,"column":12},"end":{"line":10,"column":55}},"6":{"start":{"line":10,"column":24},"end":{"line":10,"column":55}},"7":{"start":{"line":12,"column":38},"end":{"line":22,"column":14}},"8":{"start":{"line":24,"column":12},"end":{"line":26,"column":13}},"9":{"start":{"line":25,"column":16},"end":{"line":25,"column":47}},"10":{"start":{"line":28,"column":29},"end":{"line":28,"column":54}},"11":{"start":{"line":29,"column":50},"end":{"line":29,"column":58}},"12":{"start":{"line":30,"column":12},"end":{"line":30,"column":56}},"13":{"start":{"line":31,"column":12},"end":{"line":31,"column":30}},"14":{"start":{"line":32,"column":12},"end":{"line":32,"column":67}},"15":{"start":{"line":34,"column":12},"end":{"line":42,"column":14}},"16":{"start":{"line":44,"column":12},"end":{"line":46,"column":15}},"17":{"start":{"line":48,"column":12},"end":{"line":48,"column":24}},"18":{"start":{"line":53,"column":8},"end":{"line":96,"column":9}},"19":{"start":{"line":54,"column":27},"end":{"line":54,"column":43}},"20":{"start":{"line":55,"column":26},"end":{"line":55,"column":39}},"21":{"start":{"line":56,"column":30},"end":{"line":56,"column":39}},"22":{"start":{"line":58,"column":35},"end":{"line":63,"column":14}},"23":{"start":{"line":65,"column":28},"end":{"line":72,"column":14}},"24":{"start":{"line":76,"column":29},"end":{"line":76,"column":54}},"25":{"start":{"line":77,"column":50},"end":{"line":77,"column":58}},"26":{"start":{"line":78,"column":12},"end":{"line":78,"column":57}},"27":{"start":{"line":79,"column":12},"end":{"line":79,"column":91}},"28":{"start":{"line":81,"column":12},"end":{"line":89,"column":14}},"29":{"start":{"line":91,"column":12},"end":{"line":93,"column":15}},"30":{"start":{"line":95,"column":12},"end":{"line":95,"column":24}},"31":{"start":{"line":100,"column":0},"end":{"line":100,"column":35}}},"fnMap":{"0":{"name":"(anonymous_0)","decl":{"start":{"line":4,"column":4},"end":{"line":4,"column":5}},"loc":{"start":{"line":4,"column":47},"end":{"line":50,"column":5}},"line":4},"1":{"name":"(anonymous_1)","decl":{"start":{"line":52,"column":4},"end":{"line":52,"column":5}},"loc":{"start":{"line":52,"column":53},"end":{"line":97,"column":5}},"line":52}},"branchMap":{"0":{"loc":{"start":{"line":10,"column":12},"end":{"line":10,"column":55}},"type":"if","locations":[{"start":{"line":10,"column":12},"end":{"line":10,"column":55}},{"start":{},"end":{}}],"line":10},"1":{"loc":{"start":{"line":24,"column":12},"end":{"line":26,"column":13}},"type":"if","locations":[{"start":{"line":24,"column":12},"end":{"line":26,"column":13}},{"start":{},"end":{}}],"line":24}},"s":{"0":6,"1":3,"2":3,"3":3,"4":3,"5":3,"6":1,"7":2,"8":2,"9":1,"10":1,"11":1,"12":1,"13":1,"14":1,"15":1,"16":1,"17":2,"18":1,"19":1,"20":1,"21":1,"22":1,"23":1,"24":1,"25":1,"26":1,"27":1,"28":1,"29":1,"30":0,"31":6},"f":{"0":3,"1":1},"b":{"0":[1,2],"1":[1,1]},"_coverageSchema":"1a1c01bbd47fc00a2c39e90264f33305004495a9","hash":"1c08cd68f9e0fccccb3075704b5a14a23a9c8801"}
,"C:\\Users\\Arie\\Documents\\Hacktiv8\\Materi\\Phase 3\\Final-Project\\CyberScape-server\\controllers\\roomsController.js": {"path":"C:\\Users\\Arie\\Documents\\Hacktiv8\\Materi\\Phase 3\\Final-Project\\CyberScape-server\\controllers\\roomsController.js","statementMap":{"0":{"start":{"line":1,"column":39},"end":{"line":1,"column":59}},"1":{"start":{"line":5,"column":8},"end":{"line":40,"column":9}},"2":{"start":{"line":6,"column":31},"end":{"line":6,"column":40}},"3":{"start":{"line":8,"column":33},"end":{"line":20,"column":13}},"4":{"start":{"line":22,"column":12},"end":{"line":30,"column":13}},"5":{"start":{"line":23,"column":16},"end":{"line":29,"column":17}},"6":{"start":{"line":32,"column":29},"end":{"line":32,"column":63}},"7":{"start":{"line":34,"column":12},"end":{"line":34,"column":43}},"8":{"start":{"line":44,"column":8},"end":{"line":72,"column":9}},"9":{"start":{"line":45,"column":27},"end":{"line":45,"column":37}},"10":{"start":{"line":49,"column":33},"end":{"line":59,"column":14}},"11":{"start":{"line":63,"column":12},"end":{"line":67,"column":13}},"12":{"start":{"line":64,"column":16},"end":{"line":64,"column":46}},"13":{"start":{"line":66,"column":16},"end":{"line":66,"column":51}},"14":{"start":{"line":71,"column":12},"end":{"line":71,"column":24}},"15":{"start":{"line":76,"column":0},"end":{"line":76,"column":33}}},"fnMap":{"0":{"name":"(anonymous_0)","decl":{"start":{"line":4,"column":4},"end":{"line":4,"column":5}},"loc":{"start":{"line":4,"column":45},"end":{"line":41,"column":5}},"line":4},"1":{"name":"(anonymous_1)","decl":{"start":{"line":43,"column":4},"end":{"line":43,"column":5}},"loc":{"start":{"line":43,"column":45},"end":{"line":73,"column":5}},"line":43}},"branchMap":{"0":{"loc":{"start":{"line":22,"column":12},"end":{"line":30,"column":13}},"type":"if","locations":[{"start":{"line":22,"column":12},"end":{"line":30,"column":13}},{"start":{},"end":{}}],"line":22},"1":{"loc":{"start":{"line":63,"column":12},"end":{"line":67,"column":13}},"type":"if","locations":[{"start":{"line":63,"column":12},"end":{"line":67,"column":13}},{"start":{"line":65,"column":19},"end":{"line":67,"column":13}}],"line":63}},"s":{"0":6,"1":1,"2":1,"3":1,"4":1,"5":0,"6":1,"7":1,"8":2,"9":2,"10":2,"11":2,"12":1,"13":1,"14":1,"15":6},"f":{"0":1,"1":2},"b":{"0":[0,1],"1":[1,1]},"_coverageSchema":"1a1c01bbd47fc00a2c39e90264f33305004495a9","hash":"8788e66f8f1f0f1442143f71aa45c09cf974fd21"}
,"C:\\Users\\Arie\\Documents\\Hacktiv8\\Materi\\Phase 3\\Final-Project\\CyberScape-server\\controllers\\userFavoritesController.js": {"path":"C:\\Users\\Arie\\Documents\\Hacktiv8\\Materi\\Phase 3\\Final-Project\\CyberScape-server\\controllers\\userFavoritesController.js","statementMap":{"0":{"start":{"line":1,"column":25},"end":{"line":1,"column":45}},"1":{"start":{"line":5,"column":8},"end":{"line":29,"column":9}},"2":{"start":{"line":6,"column":27},"end":{"line":6,"column":43}},"3":{"start":{"line":7,"column":26},"end":{"line":7,"column":39}},"4":{"start":{"line":9,"column":38},"end":{"line":18,"column":14}},"5":{"start":{"line":20,"column":12},"end":{"line":22,"column":13}},"6":{"start":{"line":21,"column":16},"end":{"line":21,"column":49}},"7":{"start":{"line":24,"column":12},"end":{"line":26,"column":15}},"8":{"start":{"line":28,"column":12},"end":{"line":28,"column":24}},"9":{"start":{"line":33,"column":8},"end":{"line":53,"column":9}},"10":{"start":{"line":34,"column":27},"end":{"line":34,"column":43}},"11":{"start":{"line":35,"column":26},"end":{"line":35,"column":39}},"12":{"start":{"line":37,"column":28},"end":{"line":42,"column":14}},"13":{"start":{"line":44,"column":12},"end":{"line":46,"column":13}},"14":{"start":{"line":45,"column":16},"end":{"line":45,"column":50}},"15":{"start":{"line":48,"column":12},"end":{"line":50,"column":15}},"16":{"start":{"line":52,"column":12},"end":{"line":52,"column":24}},"17":{"start":{"line":57,"column":0},"end":{"line":57,"column":41}}},"fnMap":{"0":{"name":"(anonymous_0)","decl":{"start":{"line":4,"column":4},"end":{"line":4,"column":5}},"loc":{"start":{"line":4,"column":49},"end":{"line":30,"column":5}},"line":4},"1":{"name":"(anonymous_1)","decl":{"start":{"line":32,"column":4},"end":{"line":32,"column":5}},"loc":{"start":{"line":32,"column":56},"end":{"line":54,"column":5}},"line":32}},"branchMap":{"0":{"loc":{"start":{"line":20,"column":12},"end":{"line":22,"column":13}},"type":"if","locations":[{"start":{"line":20,"column":12},"end":{"line":22,"column":13}},{"start":{},"end":{}}],"line":20},"1":{"loc":{"start":{"line":44,"column":12},"end":{"line":46,"column":13}},"type":"if","locations":[{"start":{"line":44,"column":12},"end":{"line":46,"column":13}},{"start":{},"end":{}}],"line":44}},"s":{"0":6,"1":2,"2":2,"3":2,"4":2,"5":1,"6":0,"7":1,"8":1,"9":2,"10":2,"11":2,"12":2,"13":2,"14":1,"15":1,"16":1,"17":6},"f":{"0":2,"1":2},"b":{"0":[0,1],"1":[1,1]},"_coverageSchema":"1a1c01bbd47fc00a2c39e90264f33305004495a9","hash":"5c33e8a74e3c984141788f48a8187d11593b94d3"}
,"C:\\Users\\Arie\\Documents\\Hacktiv8\\Materi\\Phase 3\\Final-Project\\CyberScape-server\\controllers\\usersController.js": {"path":"C:\\Users\\Arie\\Documents\\Hacktiv8\\Materi\\Phase 3\\Final-Project\\CyberScape-server\\controllers\\usersController.js","statementMap":{"0":{"start":{"line":1,"column":24},"end":{"line":1,"column":52}},"1":{"start":{"line":2,"column":22},"end":{"line":2,"column":47}},"2":{"start":{"line":3,"column":19},"end":{"line":3,"column":51}},"3":{"start":{"line":4,"column":72},"end":{"line":4,"column":92}},"4":{"start":{"line":5,"column":23},"end":{"line":5,"column":49}},"5":{"start":{"line":9,"column":8},"end":{"line":36,"column":9}},"6":{"start":{"line":15,"column":16},"end":{"line":15,"column":24}},"7":{"start":{"line":17,"column":35},"end":{"line":22,"column":14}},"8":{"start":{"line":24,"column":28},"end":{"line":27,"column":14}},"9":{"start":{"line":29,"column":12},"end":{"line":29,"column":65}},"10":{"start":{"line":31,"column":12},"end":{"line":33,"column":15}},"11":{"start":{"line":35,"column":12},"end":{"line":35,"column":24}},"12":{"start":{"line":40,"column":8},"end":{"line":74,"column":9}},"13":{"start":{"line":44,"column":16},"end":{"line":44,"column":24}},"14":{"start":{"line":46,"column":32},"end":{"line":46,"column":77}},"15":{"start":{"line":47,"column":29},"end":{"line":51,"column":14}},"16":{"start":{"line":53,"column":12},"end":{"line":55,"column":13}},"17":{"start":{"line":54,"column":16},"end":{"line":54,"column":44}},"18":{"start":{"line":57,"column":33},"end":{"line":57,"column":73}},"19":{"start":{"line":59,"column":12},"end":{"line":61,"column":13}},"20":{"start":{"line":60,"column":16},"end":{"line":60,"column":44}},"21":{"start":{"line":63,"column":28},"end":{"line":65,"column":13}},"22":{"start":{"line":67,"column":33},"end":{"line":67,"column":51}},"23":{"start":{"line":69,"column":12},"end":{"line":71,"column":15}},"24":{"start":{"line":73,"column":12},"end":{"line":73,"column":24}},"25":{"start":{"line":78,"column":8},"end":{"line":114,"column":9}},"26":{"start":{"line":79,"column":27},"end":{"line":79,"column":43}},"27":{"start":{"line":81,"column":30},"end":{"line":105,"column":14}},"28":{"start":{"line":111,"column":12},"end":{"line":111,"column":44}},"29":{"start":{"line":118,"column":8},"end":{"line":158,"column":9}},"30":{"start":{"line":120,"column":55},"end":{"line":120,"column":70}},"31":{"start":{"line":122,"column":23},"end":{"line":126,"column":14}},"32":{"start":{"line":128,"column":29},"end":{"line":128,"column":60}},"33":{"start":{"line":130,"column":28},"end":{"line":143,"column":13}},"34":{"start":{"line":145,"column":35},"end":{"line":145,"column":74}},"35":{"start":{"line":150,"column":12},"end":{"line":152,"column":14}},"36":{"start":{"line":155,"column":12},"end":{"line":155,"column":48}},"37":{"start":{"line":162,"column":8},"end":{"line":205,"column":9}},"38":{"start":{"line":163,"column":46},"end":{"line":163,"column":55}},"39":{"start":{"line":165,"column":24},"end":{"line":169,"column":14}},"40":{"start":{"line":171,"column":12},"end":{"line":173,"column":13}},"41":{"start":{"line":172,"column":16},"end":{"line":172,"column":46}},"42":{"start":{"line":174,"column":12},"end":{"line":183,"column":13}},"43":{"start":{"line":175,"column":16},"end":{"line":177,"column":18}},"44":{"start":{"line":178,"column":16},"end":{"line":178,"column":46}},"45":{"start":{"line":180,"column":16},"end":{"line":182,"column":18}},"46":{"start":{"line":186,"column":36},"end":{"line":186,"column":51}},"47":{"start":{"line":188,"column":16},"end":{"line":188,"column":27}},"48":{"start":{"line":190,"column":16},"end":{"line":197,"column":18}},"49":{"start":{"line":200,"column":12},"end":{"line":202,"column":14}},"50":{"start":{"line":204,"column":12},"end":{"line":204,"column":24}},"51":{"start":{"line":209,"column":8},"end":{"line":232,"column":9}},"52":{"start":{"line":210,"column":32},"end":{"line":210,"column":47}},"53":{"start":{"line":212,"column":12},"end":{"line":214,"column":13}},"54":{"start":{"line":213,"column":16},"end":{"line":213,"column":42}},"55":{"start":{"line":216,"column":12},"end":{"line":216,"column":23}},"56":{"start":{"line":218,"column":12},"end":{"line":224,"column":14}},"57":{"start":{"line":227,"column":12},"end":{"line":229,"column":14}},"58":{"start":{"line":231,"column":12},"end":{"line":231,"column":23}},"59":{"start":{"line":236,"column":8},"end":{"line":261,"column":9}},"60":{"start":{"line":237,"column":34},"end":{"line":237,"column":49}},"61":{"start":{"line":239,"column":28},"end":{"line":245,"column":14}},"62":{"start":{"line":247,"column":12},"end":{"line":249,"column":13}},"63":{"start":{"line":248,"column":16},"end":{"line":248,"column":50}},"64":{"start":{"line":252,"column":12},"end":{"line":254,"column":15}},"65":{"start":{"line":260,"column":12},"end":{"line":260,"column":23}},"66":{"start":{"line":265,"column":0},"end":{"line":265,"column":33}},"67":{"start":{"line":272,"column":38},"end":{"line":272,"column":36064}},"68":{"start":{"line":272,"column":42},"end":{"line":272,"column":36053}},"69":{"start":{"line":272,"column":36089},"end":{"line":272,"column":36129}},"70":{"start":{"line":272,"column":36093},"end":{"line":272,"column":36118}},"71":{"start":{"line":272,"column":36130},"end":{"line":272,"column":36138}},"72":{"start":{"line":272,"column":36163},"end":{"line":272,"column":36205}},"73":{"start":{"line":272,"column":36167},"end":{"line":272,"column":36194}},"74":{"start":{"line":272,"column":36206},"end":{"line":272,"column":36214}},"75":{"start":{"line":272,"column":36233},"end":{"line":272,"column":36270}},"76":{"start":{"line":272,"column":36237},"end":{"line":272,"column":36259}},"77":{"start":{"line":272,"column":36289},"end":{"line":272,"column":36329}},"78":{"start":{"line":272,"column":36293},"end":{"line":272,"column":36318}}},"fnMap":{"0":{"name":"(anonymous_0)","decl":{"start":{"line":8,"column":4},"end":{"line":8,"column":5}},"loc":{"start":{"line":8,"column":42},"end":{"line":37,"column":5}},"line":8},"1":{"name":"(anonymous_1)","decl":{"start":{"line":39,"column":4},"end":{"line":39,"column":5}},"loc":{"start":{"line":39,"column":39},"end":{"line":75,"column":5}},"line":39},"2":{"name":"(anonymous_2)","decl":{"start":{"line":77,"column":4},"end":{"line":77,"column":5}},"loc":{"start":{"line":77,"column":44},"end":{"line":115,"column":5}},"line":77},"3":{"name":"(anonymous_3)","decl":{"start":{"line":117,"column":4},"end":{"line":117,"column":5}},"loc":{"start":{"line":117,"column":42},"end":{"line":159,"column":5}},"line":117},"4":{"name":"(anonymous_4)","decl":{"start":{"line":161,"column":4},"end":{"line":161,"column":5}},"loc":{"start":{"line":161,"column":42},"end":{"line":206,"column":5}},"line":161},"5":{"name":"(anonymous_5)","decl":{"start":{"line":208,"column":4},"end":{"line":208,"column":5}},"loc":{"start":{"line":208,"column":45},"end":{"line":233,"column":5}},"line":208},"6":{"name":"(anonymous_6)","decl":{"start":{"line":235,"column":4},"end":{"line":235,"column":5}},"loc":{"start":{"line":235,"column":52},"end":{"line":262,"column":5}},"line":235},"7":{"name":"oo_cm","decl":{"start":{"line":272,"column":30},"end":{"line":272,"column":35}},"loc":{"start":{"line":272,"column":37},"end":{"line":272,"column":36065}},"line":272},"8":{"name":"oo_oo","decl":{"start":{"line":272,"column":36075},"end":{"line":272,"column":36080}},"loc":{"start":{"line":272,"column":36088},"end":{"line":272,"column":36139}},"line":272},"9":{"name":"oo_tr","decl":{"start":{"line":272,"column":36149},"end":{"line":272,"column":36154}},"loc":{"start":{"line":272,"column":36162},"end":{"line":272,"column":36215}},"line":272},"10":{"name":"oo_ts","decl":{"start":{"line":272,"column":36225},"end":{"line":272,"column":36230}},"loc":{"start":{"line":272,"column":36232},"end":{"line":272,"column":36271}},"line":272},"11":{"name":"oo_te","decl":{"start":{"line":272,"column":36281},"end":{"line":272,"column":36286}},"loc":{"start":{"line":272,"column":36288},"end":{"line":272,"column":36330}},"line":272}},"branchMap":{"0":{"loc":{"start":{"line":53,"column":12},"end":{"line":55,"column":13}},"type":"if","locations":[{"start":{"line":53,"column":12},"end":{"line":55,"column":13}},{"start":{},"end":{}}],"line":53},"1":{"loc":{"start":{"line":59,"column":12},"end":{"line":61,"column":13}},"type":"if","locations":[{"start":{"line":59,"column":12},"end":{"line":61,"column":13}},{"start":{},"end":{}}],"line":59},"2":{"loc":{"start":{"line":171,"column":12},"end":{"line":173,"column":13}},"type":"if","locations":[{"start":{"line":171,"column":12},"end":{"line":173,"column":13}},{"start":{},"end":{}}],"line":171},"3":{"loc":{"start":{"line":174,"column":12},"end":{"line":183,"column":13}},"type":"if","locations":[{"start":{"line":174,"column":12},"end":{"line":183,"column":13}},{"start":{"line":179,"column":17},"end":{"line":183,"column":13}}],"line":174},"4":{"loc":{"start":{"line":212,"column":12},"end":{"line":214,"column":13}},"type":"if","locations":[{"start":{"line":212,"column":12},"end":{"line":214,"column":13}},{"start":{},"end":{}}],"line":212},"5":{"loc":{"start":{"line":247,"column":12},"end":{"line":249,"column":13}},"type":"if","locations":[{"start":{"line":247,"column":12},"end":{"line":249,"column":13}},{"start":{},"end":{}}],"line":247},"6":{"loc":{"start":{"line":272,"column":49},"end":{"line":272,"column":36052}},"type":"binary-expr","locations":[{"start":{"line":272,"column":49},"end":{"line":272,"column":86}},{"start":{"line":272,"column":90},"end":{"line":272,"column":36052}}],"line":272}},"s":{"0":6,"1":6,"2":6,"3":6,"4":6,"5":11,"6":11,"7":11,"8":1,"9":1,"10":1,"11":10,"12":3,"13":3,"14":3,"15":3,"16":3,"17":1,"18":2,"19":2,"20":1,"21":1,"22":1,"23":1,"24":2,"25":1,"26":1,"27":1,"28":1,"29":1,"30":1,"31":1,"32":1,"33":1,"34":1,"35":1,"36":1,"37":2,"38":2,"39":2,"40":2,"41":0,"42":0,"43":0,"44":0,"45":0,"46":0,"47":0,"48":0,"49":0,"50":2,"51":2,"52":2,"53":2,"54":1,"55":1,"56":1,"57":1,"58":1,"59":1,"60":1,"61":1,"62":1,"63":0,"64":1,"65":0,"66":6,"67":3,"68":3,"69":3,"70":3,"71":3,"72":0,"73":0,"74":0,"75":0,"76":0,"77":0,"78":0},"f":{"0":11,"1":3,"2":1,"3":1,"4":2,"5":2,"6":1,"7":3,"8":3,"9":0,"10":0,"11":0},"b":{"0":[1,2],"1":[1,1],"2":[0,0],"3":[0,0],"4":[1,1],"5":[0,1],"6":[3,0]},"_coverageSchema":"1a1c01bbd47fc00a2c39e90264f33305004495a9","hash":"5896f1879c504476f77e91398b189cae829bb3b5"}
,"C:\\Users\\Arie\\Documents\\Hacktiv8\\Materi\\Phase 3\\Final-Project\\CyberScape-server\\data\\artists.js": {"path":"C:\\Users\\Arie\\Documents\\Hacktiv8\\Materi\\Phase 3\\Final-Project\\CyberScape-server\\data\\artists.js","statementMap":{"0":{"start":{"line":1,"column":16},"end":{"line":62,"column":1}},"1":{"start":{"line":64,"column":0},"end":{"line":64,"column":24}}},"fnMap":{},"branchMap":{},"s":{"0":6,"1":6},"f":{},"b":{},"_coverageSchema":"1a1c01bbd47fc00a2c39e90264f33305004495a9","hash":"779da38107dfbb170c905aaac0231cda92a8ac7d"}
,"C:\\Users\\Arie\\Documents\\Hacktiv8\\Materi\\Phase 3\\Final-Project\\CyberScape-server\\data\\position.js": {"path":"C:\\Users\\Arie\\Documents\\Hacktiv8\\Materi\\Phase 3\\Final-Project\\CyberScape-server\\data\\position.js","statementMap":{"0":{"start":{"line":1,"column":0},"end":{"line":14,"column":1}}},"fnMap":{},"branchMap":{},"s":{"0":6},"f":{},"b":{},"_coverageSchema":"1a1c01bbd47fc00a2c39e90264f33305004495a9","hash":"d9446a6144dead3802ba6542d8f32aca3780c166"}
,"C:\\Users\\Arie\\Documents\\Hacktiv8\\Materi\\Phase 3\\Final-Project\\CyberScape-server\\helpers\\bcrypt.js": {"path":"C:\\Users\\Arie\\Documents\\Hacktiv8\\Materi\\Phase 3\\Final-Project\\CyberScape-server\\helpers\\bcrypt.js","statementMap":{"0":{"start":{"line":1,"column":15},"end":{"line":1,"column":34}},"1":{"start":{"line":3,"column":0},"end":{"line":6,"column":1}},"2":{"start":{"line":4,"column":26},"end":{"line":4,"column":55}},"3":{"start":{"line":5,"column":34},"end":{"line":5,"column":65}}},"fnMap":{"0":{"name":"(anonymous_0)","decl":{"start":{"line":4,"column":14},"end":{"line":4,"column":15}},"loc":{"start":{"line":4,"column":26},"end":{"line":4,"column":55}},"line":4},"1":{"name":"(anonymous_1)","decl":{"start":{"line":5,"column":17},"end":{"line":5,"column":18}},"loc":{"start":{"line":5,"column":34},"end":{"line":5,"column":65}},"line":5}},"branchMap":{},"s":{"0":6,"1":6,"2":4,"3":2},"f":{"0":4,"1":2},"b":{},"_coverageSchema":"1a1c01bbd47fc00a2c39e90264f33305004495a9","hash":"29c19860f7aae2970bddbc276cacf1d6622dcc26"}
,"C:\\Users\\Arie\\Documents\\Hacktiv8\\Materi\\Phase 3\\Final-Project\\CyberScape-server\\helpers\\jwt.js": {"path":"C:\\Users\\Arie\\Documents\\Hacktiv8\\Materi\\Phase 3\\Final-Project\\CyberScape-server\\helpers\\jwt.js","statementMap":{"0":{"start":{"line":1,"column":12},"end":{"line":1,"column":35}},"1":{"start":{"line":3,"column":0},"end":{"line":6,"column":1}},"2":{"start":{"line":4,"column":26},"end":{"line":4,"column":71}},"3":{"start":{"line":5,"column":26},"end":{"line":5,"column":71}}},"fnMap":{"0":{"name":"(anonymous_0)","decl":{"start":{"line":4,"column":15},"end":{"line":4,"column":16}},"loc":{"start":{"line":4,"column":26},"end":{"line":4,"column":71}},"line":4},"1":{"name":"(anonymous_1)","decl":{"start":{"line":5,"column":17},"end":{"line":5,"column":18}},"loc":{"start":{"line":5,"column":26},"end":{"line":5,"column":71}},"line":5}},"branchMap":{},"s":{"0":6,"1":6,"2":8,"3":27},"f":{"0":8,"1":27},"b":{},"_coverageSchema":"1a1c01bbd47fc00a2c39e90264f33305004495a9","hash":"31c2d5a92dbde01a3a2a956a6eba1d90bf3cfcf8"}
,"C:\\Users\\Arie\\Documents\\Hacktiv8\\Materi\\Phase 3\\Final-Project\\CyberScape-server\\helpers\\nodemailer.js": {"path":"C:\\Users\\Arie\\Documents\\Hacktiv8\\Materi\\Phase 3\\Final-Project\\CyberScape-server\\helpers\\nodemailer.js","statementMap":{"0":{"start":{"line":2,"column":19},"end":{"line":2,"column":40}},"1":{"start":{"line":4,"column":22},"end":{"line":14,"column":6}},"2":{"start":{"line":15,"column":15},"end":{"line":21,"column":6}},"3":{"start":{"line":27,"column":0},"end":{"line":27,"column":27}}},"fnMap":{"0":{"name":"nodeMailer","decl":{"start":{"line":3,"column":15},"end":{"line":3,"column":25}},"loc":{"start":{"line":3,"column":46},"end":{"line":25,"column":1}},"line":3}},"branchMap":{},"s":{"0":6,"1":1,"2":1,"3":6},"f":{"0":1},"b":{},"_coverageSchema":"1a1c01bbd47fc00a2c39e90264f33305004495a9","hash":"93c0e5f1e7f4fdb259c1fef8d41ddec9c54b30f4"}
,"C:\\Users\\Arie\\Documents\\Hacktiv8\\Materi\\Phase 3\\Final-Project\\CyberScape-server\\lib\\insertRatingData.js": {"path":"C:\\Users\\Arie\\Documents\\Hacktiv8\\Materi\\Phase 3\\Final-Project\\CyberScape-server\\lib\\insertRatingData.js","statementMap":{"0":{"start":{"line":1,"column":19},"end":{"line":1,"column":39}},"1":{"start":{"line":2,"column":22},"end":{"line":2,"column":42}},"2":{"start":{"line":3,"column":23},"end":{"line":3,"column":52}},"3":{"start":{"line":6,"column":4},"end":{"line":40,"column":5}},"4":{"start":{"line":7,"column":8},"end":{"line":9,"column":10}},"5":{"start":{"line":10,"column":8},"end":{"line":36,"column":10}},"6":{"start":{"line":43,"column":0},"end":{"line":43,"column":34}}},"fnMap":{"0":{"name":"insertRatingData","decl":{"start":{"line":5,"column":15},"end":{"line":5,"column":31}},"loc":{"start":{"line":5,"column":34},"end":{"line":41,"column":1}},"line":5}},"branchMap":{},"s":{"0":1,"1":1,"2":1,"3":1,"4":1,"5":1,"6":1},"f":{"0":1},"b":{},"_coverageSchema":"1a1c01bbd47fc00a2c39e90264f33305004495a9","hash":"2381efc8dc71c49c8015490cd00646014cdd9e5e"}
,"C:\\Users\\Arie\\Documents\\Hacktiv8\\Materi\\Phase 3\\Final-Project\\CyberScape-server\\middlewares\\auth.js": {"path":"C:\\Users\\Arie\\Documents\\Hacktiv8\\Materi\\Phase 3\\Final-Project\\CyberScape-server\\middlewares\\auth.js","statementMap":{"0":{"start":{"line":1,"column":24},"end":{"line":1,"column":49}},"1":{"start":{"line":3,"column":0},"end":{"line":15,"column":1}},"2":{"start":{"line":4,"column":4},"end":{"line":13,"column":5}},"3":{"start":{"line":5,"column":33},"end":{"line":5,"column":44}},"4":{"start":{"line":8,"column":8},"end":{"line":8,"column":53}},"5":{"start":{"line":10,"column":8},"end":{"line":10,"column":15}},"6":{"start":{"line":12,"column":8},"end":{"line":12,"column":20}}},"fnMap":{"0":{"name":"auth","decl":{"start":{"line":3,"column":26},"end":{"line":3,"column":30}},"loc":{"start":{"line":3,"column":47},"end":{"line":15,"column":1}},"line":3}},"branchMap":{},"s":{"0":6,"1":6,"2":26,"3":26,"4":26,"5":14,"6":12},"f":{"0":26},"b":{},"_coverageSchema":"1a1c01bbd47fc00a2c39e90264f33305004495a9","hash":"5c7a518b8549586bfa7b6e6cd59cb8b52691c27c"}
,"C:\\Users\\Arie\\Documents\\Hacktiv8\\Materi\\Phase 3\\Final-Project\\CyberScape-server\\middlewares\\author.js": {"path":"C:\\Users\\Arie\\Documents\\Hacktiv8\\Materi\\Phase 3\\Final-Project\\CyberScape-server\\middlewares\\author.js","statementMap":{"0":{"start":{"line":1,"column":17},"end":{"line":1,"column":37}},"1":{"start":{"line":3,"column":0},"end":{"line":18,"column":1}},"2":{"start":{"line":4,"column":4},"end":{"line":17,"column":5}},"3":{"start":{"line":5,"column":23},"end":{"line":5,"column":39}},"4":{"start":{"line":6,"column":28},"end":{"line":6,"column":51}},"5":{"start":{"line":7,"column":31},"end":{"line":7,"column":42}},"6":{"start":{"line":8,"column":8},"end":{"line":8,"column":38}},"7":{"start":{"line":10,"column":8},"end":{"line":14,"column":9}},"8":{"start":{"line":11,"column":12},"end":{"line":11,"column":18}},"9":{"start":{"line":13,"column":12},"end":{"line":13,"column":45}},"10":{"start":{"line":16,"column":8},"end":{"line":16,"column":19}}},"fnMap":{"0":{"name":"author","decl":{"start":{"line":3,"column":32},"end":{"line":3,"column":38}},"loc":{"start":{"line":3,"column":55},"end":{"line":18,"column":1}},"line":3}},"branchMap":{"0":{"loc":{"start":{"line":10,"column":8},"end":{"line":14,"column":9}},"type":"if","locations":[{"start":{"line":10,"column":8},"end":{"line":14,"column":9}},{"start":{"line":12,"column":15},"end":{"line":14,"column":9}}],"line":10}},"s":{"0":6,"1":6,"2":5,"3":5,"4":5,"5":5,"6":5,"7":5,"8":5,"9":0,"10":0},"f":{"0":5},"b":{"0":[5,0]},"_coverageSchema":"1a1c01bbd47fc00a2c39e90264f33305004495a9","hash":"a4b71cae2876fea9fa789252b317dcb44df45cd3"}
,"C:\\Users\\Arie\\Documents\\Hacktiv8\\Materi\\Phase 3\\Final-Project\\CyberScape-server\\middlewares\\verify.js": {"path":"C:\\Users\\Arie\\Documents\\Hacktiv8\\Materi\\Phase 3\\Final-Project\\CyberScape-server\\middlewares\\verify.js","statementMap":{"0":{"start":{"line":1,"column":24},"end":{"line":1,"column":49}},"1":{"start":{"line":2,"column":17},"end":{"line":2,"column":37}},"2":{"start":{"line":4,"column":0},"end":{"line":36,"column":1}},"3":{"start":{"line":5,"column":4},"end":{"line":35,"column":5}},"4":{"start":{"line":6,"column":27},"end":{"line":6,"column":36}},"5":{"start":{"line":8,"column":24},"end":{"line":8,"column":43}},"6":{"start":{"line":10,"column":28},"end":{"line":10,"column":59}},"7":{"start":{"line":12,"column":8},"end":{"line":14,"column":9}},"8":{"start":{"line":13,"column":12},"end":{"line":13,"column":42}},"9":{"start":{"line":16,"column":30},"end":{"line":16,"column":47}},"10":{"start":{"line":17,"column":8},"end":{"line":17,"column":38}},"11":{"start":{"line":18,"column":31},"end":{"line":18,"column":42}},"12":{"start":{"line":22,"column":8},"end":{"line":24,"column":9}},"13":{"start":{"line":23,"column":12},"end":{"line":23,"column":45}},"14":{"start":{"line":26,"column":8},"end":{"line":31,"column":9}},"15":{"start":{"line":27,"column":12},"end":{"line":27,"column":19}},"16":{"start":{"line":30,"column":12},"end":{"line":30,"column":46}},"17":{"start":{"line":34,"column":8},"end":{"line":34,"column":19}}},"fnMap":{"0":{"name":"verify","decl":{"start":{"line":4,"column":32},"end":{"line":4,"column":38}},"loc":{"start":{"line":4,"column":55},"end":{"line":36,"column":1}},"line":4}},"branchMap":{"0":{"loc":{"start":{"line":12,"column":8},"end":{"line":14,"column":9}},"type":"if","locations":[{"start":{"line":12,"column":8},"end":{"line":14,"column":9}},{"start":{},"end":{}}],"line":12},"1":{"loc":{"start":{"line":22,"column":8},"end":{"line":24,"column":9}},"type":"if","locations":[{"start":{"line":22,"column":8},"end":{"line":24,"column":9}},{"start":{},"end":{}}],"line":22},"2":{"loc":{"start":{"line":26,"column":8},"end":{"line":31,"column":9}},"type":"if","locations":[{"start":{"line":26,"column":8},"end":{"line":31,"column":9}},{"start":{"line":28,"column":15},"end":{"line":31,"column":9}}],"line":26}},"s":{"0":6,"1":6,"2":6,"3":1,"4":1,"5":1,"6":1,"7":1,"8":0,"9":1,"10":1,"11":1,"12":1,"13":0,"14":1,"15":1,"16":0,"17":0},"f":{"0":1},"b":{"0":[0,1],"1":[0,1],"2":[1,0]},"_coverageSchema":"1a1c01bbd47fc00a2c39e90264f33305004495a9","hash":"8291d3b92c9fcaab2571289b9392628685332d1f"}
,"C:\\Users\\Arie\\Documents\\Hacktiv8\\Materi\\Phase 3\\Final-Project\\CyberScape-server\\models\\artist.js": {"path":"C:\\Users\\Arie\\Documents\\Hacktiv8\\Materi\\Phase 3\\Final-Project\\CyberScape-server\\models\\artist.js","statementMap":{"0":{"start":{"line":4,"column":4},"end":{"line":4,"column":24}},"1":{"start":{"line":5,"column":0},"end":{"line":27,"column":2}},"2":{"start":{"line":14,"column":6},"end":{"line":14,"column":34}},"3":{"start":{"line":17,"column":2},"end":{"line":25,"column":5}},"4":{"start":{"line":26,"column":2},"end":{"line":26,"column":16}}},"fnMap":{"0":{"name":"(anonymous_0)","decl":{"start":{"line":5,"column":17},"end":{"line":5,"column":18}},"loc":{"start":{"line":5,"column":43},"end":{"line":27,"column":1}},"line":5},"1":{"name":"(anonymous_1)","decl":{"start":{"line":12,"column":4},"end":{"line":12,"column":5}},"loc":{"start":{"line":12,"column":29},"end":{"line":15,"column":5}},"line":12}},"branchMap":{},"s":{"0":6,"1":6,"2":6,"3":6,"4":6},"f":{"0":6,"1":6},"b":{},"_coverageSchema":"1a1c01bbd47fc00a2c39e90264f33305004495a9","hash":"f01d9baa40789c6274d72488d7aa7650a1fa91ef"}
,"C:\\Users\\Arie\\Documents\\Hacktiv8\\Materi\\Phase 3\\Final-Project\\CyberScape-server\\models\\index.js": {"path":"C:\\Users\\Arie\\Documents\\Hacktiv8\\Materi\\Phase 3\\Final-Project\\CyberScape-server\\models\\index.js","statementMap":{"0":{"start":{"line":3,"column":11},"end":{"line":3,"column":24}},"1":{"start":{"line":4,"column":13},"end":{"line":4,"column":28}},"2":{"start":{"line":5,"column":18},"end":{"line":5,"column":38}},"3":{"start":{"line":6,"column":16},"end":{"line":6,"column":34}},"4":{"start":{"line":7,"column":17},"end":{"line":7,"column":42}},"5":{"start":{"line":8,"column":12},"end":{"line":8,"column":49}},"6":{"start":{"line":9,"column":15},"end":{"line":9,"column":65}},"7":{"start":{"line":10,"column":11},"end":{"line":10,"column":13}},"8":{"start":{"line":13,"column":0},"end":{"line":17,"column":1}},"9":{"start":{"line":14,"column":2},"end":{"line":14,"column":74}},"10":{"start":{"line":16,"column":2},"end":{"line":16,"column":87}},"11":{"start":{"line":19,"column":0},"end":{"line":32,"column":5}},"12":{"start":{"line":22,"column":4},"end":{"line":27,"column":6}},"13":{"start":{"line":30,"column":18},"end":{"line":30,"column":85}},"14":{"start":{"line":31,"column":4},"end":{"line":31,"column":27}},"15":{"start":{"line":34,"column":0},"end":{"line":38,"column":3}},"16":{"start":{"line":35,"column":2},"end":{"line":37,"column":3}},"17":{"start":{"line":36,"column":4},"end":{"line":36,"column":32}},"18":{"start":{"line":40,"column":0},"end":{"line":40,"column":25}},"19":{"start":{"line":41,"column":0},"end":{"line":41,"column":25}},"20":{"start":{"line":43,"column":0},"end":{"line":43,"column":20}}},"fnMap":{"0":{"name":"(anonymous_0)","decl":{"start":{"line":21,"column":10},"end":{"line":21,"column":11}},"loc":{"start":{"line":21,"column":18},"end":{"line":28,"column":3}},"line":21},"1":{"name":"(anonymous_1)","decl":{"start":{"line":29,"column":11},"end":{"line":29,"column":12}},"loc":{"start":{"line":29,"column":19},"end":{"line":32,"column":3}},"line":29},"2":{"name":"(anonymous_2)","decl":{"start":{"line":34,"column":24},"end":{"line":34,"column":25}},"loc":{"start":{"line":34,"column":37},"end":{"line":38,"column":1}},"line":34}},"branchMap":{"0":{"loc":{"start":{"line":8,"column":12},"end":{"line":8,"column":49}},"type":"binary-expr","locations":[{"start":{"line":8,"column":12},"end":{"line":8,"column":32}},{"start":{"line":8,"column":36},"end":{"line":8,"column":49}}],"line":8},"1":{"loc":{"start":{"line":13,"column":0},"end":{"line":17,"column":1}},"type":"if","locations":[{"start":{"line":13,"column":0},"end":{"line":17,"column":1}},{"start":{"line":15,"column":7},"end":{"line":17,"column":1}}],"line":13},"2":{"loc":{"start":{"line":23,"column":6},"end":{"line":26,"column":37}},"type":"binary-expr","locations":[{"start":{"line":23,"column":6},"end":{"line":23,"column":29}},{"start":{"line":24,"column":6},"end":{"line":24,"column":23}},{"start":{"line":25,"column":6},"end":{"line":25,"column":30}},{"start":{"line":26,"column":6},"end":{"line":26,"column":37}}],"line":23},"3":{"loc":{"start":{"line":35,"column":2},"end":{"line":37,"column":3}},"type":"if","locations":[{"start":{"line":35,"column":2},"end":{"line":37,"column":3}},{"start":{},"end":{}}],"line":35}},"s":{"0":6,"1":6,"2":6,"3":6,"4":6,"5":6,"6":6,"7":6,"8":6,"9":0,"10":6,"11":6,"12":54,"13":48,"14":48,"15":6,"16":48,"17":48,"18":6,"19":6,"20":6},"f":{"0":54,"1":48,"2":48},"b":{"0":[6,0],"1":[0,6],"2":[54,54,48,48],"3":[48,0]},"_coverageSchema":"1a1c01bbd47fc00a2c39e90264f33305004495a9","hash":"ae3d14940aba2ab3abf0861783ec4ea7fb734db6"}
,"C:\\Users\\Arie\\Documents\\Hacktiv8\\Materi\\Phase 3\\Final-Project\\CyberScape-server\\models\\log.js": {"path":"C:\\Users\\Arie\\Documents\\Hacktiv8\\Materi\\Phase 3\\Final-Project\\CyberScape-server\\models\\log.js","statementMap":{"0":{"start":{"line":4,"column":4},"end":{"line":4,"column":24}},"1":{"start":{"line":5,"column":0},"end":{"line":34,"column":2}},"2":{"start":{"line":13,"column":6},"end":{"line":13,"column":32}},"3":{"start":{"line":16,"column":2},"end":{"line":32,"column":5}},"4":{"start":{"line":33,"column":2},"end":{"line":33,"column":13}}},"fnMap":{"0":{"name":"(anonymous_0)","decl":{"start":{"line":5,"column":17},"end":{"line":5,"column":18}},"loc":{"start":{"line":5,"column":43},"end":{"line":34,"column":1}},"line":5},"1":{"name":"(anonymous_1)","decl":{"start":{"line":12,"column":4},"end":{"line":12,"column":5}},"loc":{"start":{"line":12,"column":29},"end":{"line":14,"column":5}},"line":12}},"branchMap":{},"s":{"0":6,"1":6,"2":6,"3":6,"4":6},"f":{"0":6,"1":6},"b":{},"_coverageSchema":"1a1c01bbd47fc00a2c39e90264f33305004495a9","hash":"d2c42b1fce0bcadcddc45188d297c137362a1f78"}
,"C:\\Users\\Arie\\Documents\\Hacktiv8\\Materi\\Phase 3\\Final-Project\\CyberScape-server\\models\\nft.js": {"path":"C:\\Users\\Arie\\Documents\\Hacktiv8\\Materi\\Phase 3\\Final-Project\\CyberScape-server\\models\\nft.js","statementMap":{"0":{"start":{"line":4,"column":4},"end":{"line":4,"column":24}},"1":{"start":{"line":5,"column":0},"end":{"line":36,"column":2}},"2":{"start":{"line":14,"column":6},"end":{"line":14,"column":34}},"3":{"start":{"line":15,"column":6},"end":{"line":15,"column":33}},"4":{"start":{"line":18,"column":2},"end":{"line":34,"column":5}},"5":{"start":{"line":35,"column":2},"end":{"line":35,"column":13}}},"fnMap":{"0":{"name":"(anonymous_0)","decl":{"start":{"line":5,"column":17},"end":{"line":5,"column":18}},"loc":{"start":{"line":5,"column":43},"end":{"line":36,"column":1}},"line":5},"1":{"name":"(anonymous_1)","decl":{"start":{"line":12,"column":4},"end":{"line":12,"column":5}},"loc":{"start":{"line":12,"column":29},"end":{"line":16,"column":5}},"line":12}},"branchMap":{},"s":{"0":6,"1":6,"2":6,"3":6,"4":6,"5":6},"f":{"0":6,"1":6},"b":{},"_coverageSchema":"1a1c01bbd47fc00a2c39e90264f33305004495a9","hash":"2f8242a0ef73938ee4f48ea221efa65363f2e8d4"}
,"C:\\Users\\Arie\\Documents\\Hacktiv8\\Materi\\Phase 3\\Final-Project\\CyberScape-server\\models\\rating.js": {"path":"C:\\Users\\Arie\\Documents\\Hacktiv8\\Materi\\Phase 3\\Final-Project\\CyberScape-server\\models\\rating.js","statementMap":{"0":{"start":{"line":4,"column":4},"end":{"line":4,"column":24}},"1":{"start":{"line":5,"column":0},"end":{"line":39,"column":2}},"2":{"start":{"line":14,"column":6},"end":{"line":14,"column":36}},"3":{"start":{"line":15,"column":6},"end":{"line":15,"column":35}},"4":{"start":{"line":18,"column":2},"end":{"line":37,"column":5}},"5":{"start":{"line":38,"column":2},"end":{"line":38,"column":16}}},"fnMap":{"0":{"name":"(anonymous_0)","decl":{"start":{"line":5,"column":17},"end":{"line":5,"column":18}},"loc":{"start":{"line":5,"column":43},"end":{"line":39,"column":1}},"line":5},"1":{"name":"(anonymous_1)","decl":{"start":{"line":12,"column":4},"end":{"line":12,"column":5}},"loc":{"start":{"line":12,"column":29},"end":{"line":16,"column":5}},"line":12}},"branchMap":{},"s":{"0":6,"1":6,"2":6,"3":6,"4":6,"5":6},"f":{"0":6,"1":6},"b":{},"_coverageSchema":"1a1c01bbd47fc00a2c39e90264f33305004495a9","hash":"d09363f8418d9aba1212462fc99b091c06f1d819"}
,"C:\\Users\\Arie\\Documents\\Hacktiv8\\Materi\\Phase 3\\Final-Project\\CyberScape-server\\models\\room.js": {"path":"C:\\Users\\Arie\\Documents\\Hacktiv8\\Materi\\Phase 3\\Final-Project\\CyberScape-server\\models\\room.js","statementMap":{"0":{"start":{"line":4,"column":4},"end":{"line":4,"column":24}},"1":{"start":{"line":5,"column":0},"end":{"line":34,"column":2}},"2":{"start":{"line":14,"column":6},"end":{"line":14,"column":34}},"3":{"start":{"line":15,"column":6},"end":{"line":15,"column":35}},"4":{"start":{"line":18,"column":2},"end":{"line":32,"column":5}},"5":{"start":{"line":33,"column":2},"end":{"line":33,"column":14}}},"fnMap":{"0":{"name":"(anonymous_0)","decl":{"start":{"line":5,"column":17},"end":{"line":5,"column":18}},"loc":{"start":{"line":5,"column":43},"end":{"line":34,"column":1}},"line":5},"1":{"name":"(anonymous_1)","decl":{"start":{"line":12,"column":4},"end":{"line":12,"column":5}},"loc":{"start":{"line":12,"column":29},"end":{"line":16,"column":5}},"line":12}},"branchMap":{},"s":{"0":6,"1":6,"2":6,"3":6,"4":6,"5":6},"f":{"0":6,"1":6},"b":{},"_coverageSchema":"1a1c01bbd47fc00a2c39e90264f33305004495a9","hash":"2af40532b916b1803ffd9216fff0e9d3c84b4e86"}
,"C:\\Users\\Arie\\Documents\\Hacktiv8\\Materi\\Phase 3\\Final-Project\\CyberScape-server\\models\\roomnft.js": {"path":"C:\\Users\\Arie\\Documents\\Hacktiv8\\Materi\\Phase 3\\Final-Project\\CyberScape-server\\models\\roomnft.js","statementMap":{"0":{"start":{"line":4,"column":4},"end":{"line":4,"column":24}},"1":{"start":{"line":5,"column":0},"end":{"line":39,"column":2}},"2":{"start":{"line":14,"column":6},"end":{"line":14,"column":37}},"3":{"start":{"line":15,"column":6},"end":{"line":15,"column":36}},"4":{"start":{"line":18,"column":2},"end":{"line":37,"column":5}},"5":{"start":{"line":38,"column":2},"end":{"line":38,"column":17}}},"fnMap":{"0":{"name":"(anonymous_0)","decl":{"start":{"line":5,"column":17},"end":{"line":5,"column":18}},"loc":{"start":{"line":5,"column":43},"end":{"line":39,"column":1}},"line":5},"1":{"name":"(anonymous_1)","decl":{"start":{"line":12,"column":4},"end":{"line":12,"column":5}},"loc":{"start":{"line":12,"column":29},"end":{"line":16,"column":5}},"line":12}},"branchMap":{},"s":{"0":6,"1":6,"2":6,"3":6,"4":6,"5":6},"f":{"0":6,"1":6},"b":{},"_coverageSchema":"1a1c01bbd47fc00a2c39e90264f33305004495a9","hash":"03b7daf5a1e947da08762e22aaddd0407c060b92"}
,"C:\\Users\\Arie\\Documents\\Hacktiv8\\Materi\\Phase 3\\Final-Project\\CyberScape-server\\models\\user.js": {"path":"C:\\Users\\Arie\\Documents\\Hacktiv8\\Materi\\Phase 3\\Final-Project\\CyberScape-server\\models\\user.js","statementMap":{"0":{"start":{"line":4,"column":4},"end":{"line":4,"column":24}},"1":{"start":{"line":5,"column":21},"end":{"line":5,"column":49}},"2":{"start":{"line":6,"column":0},"end":{"line":102,"column":2}},"3":{"start":{"line":15,"column":6},"end":{"line":15,"column":34}},"4":{"start":{"line":16,"column":6},"end":{"line":16,"column":40}},"5":{"start":{"line":17,"column":6},"end":{"line":17,"column":30}},"6":{"start":{"line":20,"column":2},"end":{"line":100,"column":5}},"7":{"start":{"line":92,"column":8},"end":{"line":92,"column":48}},"8":{"start":{"line":93,"column":8},"end":{"line":93,"column":90}},"9":{"start":{"line":94,"column":8},"end":{"line":94,"column":87}},"10":{"start":{"line":95,"column":8},"end":{"line":95,"column":20}},"11":{"start":{"line":101,"column":2},"end":{"line":101,"column":14}}},"fnMap":{"0":{"name":"(anonymous_0)","decl":{"start":{"line":6,"column":17},"end":{"line":6,"column":18}},"loc":{"start":{"line":6,"column":43},"end":{"line":102,"column":1}},"line":6},"1":{"name":"(anonymous_1)","decl":{"start":{"line":13,"column":4},"end":{"line":13,"column":5}},"loc":{"start":{"line":13,"column":29},"end":{"line":18,"column":5}},"line":13},"2":{"name":"(anonymous_2)","decl":{"start":{"line":91,"column":20},"end":{"line":91,"column":21}},"loc":{"start":{"line":91,"column":28},"end":{"line":96,"column":7}},"line":91}},"branchMap":{},"s":{"0":6,"1":6,"2":6,"3":6,"4":6,"5":6,"6":6,"7":2,"8":2,"9":2,"10":2,"11":6},"f":{"0":6,"1":6,"2":2},"b":{},"_coverageSchema":"1a1c01bbd47fc00a2c39e90264f33305004495a9","hash":"3c03f8a292f931a019bdea486effd577e683767b"}
,"C:\\Users\\Arie\\Documents\\Hacktiv8\\Materi\\Phase 3\\Final-Project\\CyberScape-server\\models\\userfavorite.js": {"path":"C:\\Users\\Arie\\Documents\\Hacktiv8\\Materi\\Phase 3\\Final-Project\\CyberScape-server\\models\\userfavorite.js","statementMap":{"0":{"start":{"line":4,"column":4},"end":{"line":4,"column":24}},"1":{"start":{"line":5,"column":0},"end":{"line":38,"column":2}},"2":{"start":{"line":14,"column":6},"end":{"line":14,"column":42}},"3":{"start":{"line":15,"column":6},"end":{"line":15,"column":41}},"4":{"start":{"line":18,"column":2},"end":{"line":36,"column":5}},"5":{"start":{"line":37,"column":2},"end":{"line":37,"column":22}}},"fnMap":{"0":{"name":"(anonymous_0)","decl":{"start":{"line":5,"column":17},"end":{"line":5,"column":18}},"loc":{"start":{"line":5,"column":43},"end":{"line":38,"column":1}},"line":5},"1":{"name":"(anonymous_1)","decl":{"start":{"line":12,"column":4},"end":{"line":12,"column":5}},"loc":{"start":{"line":12,"column":29},"end":{"line":16,"column":5}},"line":12}},"branchMap":{},"s":{"0":6,"1":6,"2":6,"3":6,"4":6,"5":6},"f":{"0":6,"1":6},"b":{},"_coverageSchema":"1a1c01bbd47fc00a2c39e90264f33305004495a9","hash":"0a4cbfcc1951eb4dd8236d12488c1e020b69df88"}
,"C:\\Users\\Arie\\Documents\\Hacktiv8\\Materi\\Phase 3\\Final-Project\\CyberScape-server\\routes\\favorites.js": {"path":"C:\\Users\\Arie\\Documents\\Hacktiv8\\Materi\\Phase 3\\Final-Project\\CyberScape-server\\routes\\favorites.js","statementMap":{"0":{"start":{"line":1,"column":16},"end":{"line":1,"column":34}},"1":{"start":{"line":2,"column":13},"end":{"line":2,"column":43}},"2":{"start":{"line":3,"column":32},"end":{"line":3,"column":81}},"3":{"start":{"line":4,"column":15},"end":{"line":4,"column":31}},"4":{"start":{"line":6,"column":0},"end":{"line":6,"column":17}},"5":{"start":{"line":7,"column":0},"end":{"line":7,"column":61}},"6":{"start":{"line":8,"column":0},"end":{"line":8,"column":70}},"7":{"start":{"line":10,"column":0},"end":{"line":10,"column":24}}},"fnMap":{},"branchMap":{},"s":{"0":6,"1":6,"2":6,"3":6,"4":6,"5":6,"6":6,"7":6},"f":{},"b":{},"_coverageSchema":"1a1c01bbd47fc00a2c39e90264f33305004495a9","hash":"cc24371c39626acb6558e25feb3f4f65838f45ad"}
,"C:\\Users\\Arie\\Documents\\Hacktiv8\\Materi\\Phase 3\\Final-Project\\CyberScape-server\\routes\\index.js": {"path":"C:\\Users\\Arie\\Documents\\Hacktiv8\\Materi\\Phase 3\\Final-Project\\CyberScape-server\\routes\\index.js","statementMap":{"0":{"start":{"line":1,"column":16},"end":{"line":1,"column":34}},"1":{"start":{"line":2,"column":15},"end":{"line":2,"column":31}},"2":{"start":{"line":3,"column":20},"end":{"line":3,"column":38}},"3":{"start":{"line":4,"column":20},"end":{"line":4,"column":38}},"4":{"start":{"line":5,"column":19},"end":{"line":5,"column":36}},"5":{"start":{"line":6,"column":19},"end":{"line":6,"column":36}},"6":{"start":{"line":7,"column":22},"end":{"line":7,"column":42}},"7":{"start":{"line":8,"column":28},"end":{"line":8,"column":50}},"8":{"start":{"line":10,"column":0},"end":{"line":10,"column":34}},"9":{"start":{"line":11,"column":0},"end":{"line":11,"column":34}},"10":{"start":{"line":12,"column":0},"end":{"line":12,"column":35}},"11":{"start":{"line":13,"column":0},"end":{"line":13,"column":32}},"12":{"start":{"line":14,"column":0},"end":{"line":14,"column":38}},"13":{"start":{"line":15,"column":0},"end":{"line":15,"column":46}},"14":{"start":{"line":17,"column":0},"end":{"line":17,"column":24}}},"fnMap":{},"branchMap":{},"s":{"0":6,"1":6,"2":6,"3":6,"4":6,"5":6,"6":6,"7":6,"8":6,"9":6,"10":6,"11":6,"12":6,"13":6,"14":6},"f":{},"b":{},"_coverageSchema":"1a1c01bbd47fc00a2c39e90264f33305004495a9","hash":"782025484bd3457003e569f9afc5eac7789c0463"}
,"C:\\Users\\Arie\\Documents\\Hacktiv8\\Materi\\Phase 3\\Final-Project\\CyberScape-server\\routes\\news.js": {"path":"C:\\Users\\Arie\\Documents\\Hacktiv8\\Materi\\Phase 3\\Final-Project\\CyberScape-server\\routes\\news.js","statementMap":{"0":{"start":{"line":1,"column":16},"end":{"line":1,"column":34}},"1":{"start":{"line":2,"column":23},"end":{"line":2,"column":63}},"2":{"start":{"line":4,"column":15},"end":{"line":4,"column":31}},"3":{"start":{"line":6,"column":0},"end":{"line":6,"column":43}},"4":{"start":{"line":8,"column":0},"end":{"line":8,"column":24}}},"fnMap":{},"branchMap":{},"s":{"0":6,"1":6,"2":6,"3":6,"4":6},"f":{},"b":{},"_coverageSchema":"1a1c01bbd47fc00a2c39e90264f33305004495a9","hash":"ba98ec346a326584ebd88bac06a3c6fcc65fb442"}
,"C:\\Users\\Arie\\Documents\\Hacktiv8\\Materi\\Phase 3\\Final-Project\\CyberScape-server\\routes\\nfts.js": {"path":"C:\\Users\\Arie\\Documents\\Hacktiv8\\Materi\\Phase 3\\Final-Project\\CyberScape-server\\routes\\nfts.js","statementMap":{"0":{"start":{"line":1,"column":16},"end":{"line":1,"column":34}},"1":{"start":{"line":2,"column":23},"end":{"line":2,"column":63}},"2":{"start":{"line":3,"column":15},"end":{"line":3,"column":31}},"3":{"start":{"line":5,"column":0},"end":{"line":5,"column":45}},"4":{"start":{"line":6,"column":0},"end":{"line":6,"column":49}},"5":{"start":{"line":8,"column":0},"end":{"line":8,"column":24}}},"fnMap":{},"branchMap":{},"s":{"0":6,"1":6,"2":6,"3":6,"4":6,"5":6},"f":{},"b":{},"_coverageSchema":"1a1c01bbd47fc00a2c39e90264f33305004495a9","hash":"ef3ac1f44da51b6ce3a6b3478e657ba72a7da95d"}
,"C:\\Users\\Arie\\Documents\\Hacktiv8\\Materi\\Phase 3\\Final-Project\\CyberScape-server\\routes\\ratings.js": {"path":"C:\\Users\\Arie\\Documents\\Hacktiv8\\Materi\\Phase 3\\Final-Project\\CyberScape-server\\routes\\ratings.js","statementMap":{"0":{"start":{"line":1,"column":16},"end":{"line":1,"column":34}},"1":{"start":{"line":2,"column":26},"end":{"line":2,"column":70}},"2":{"start":{"line":3,"column":13},"end":{"line":3,"column":43}},"3":{"start":{"line":4,"column":15},"end":{"line":4,"column":31}},"4":{"start":{"line":6,"column":0},"end":{"line":6,"column":17}},"5":{"start":{"line":7,"column":0},"end":{"line":7,"column":53}},"6":{"start":{"line":8,"column":0},"end":{"line":8,"column":60}},"7":{"start":{"line":10,"column":0},"end":{"line":10,"column":24}}},"fnMap":{},"branchMap":{},"s":{"0":6,"1":6,"2":6,"3":6,"4":6,"5":6,"6":6,"7":6},"f":{},"b":{},"_coverageSchema":"1a1c01bbd47fc00a2c39e90264f33305004495a9","hash":"a90e4af1abdd7970697ff68b46fa49057f5d40cf"}
,"C:\\Users\\Arie\\Documents\\Hacktiv8\\Materi\\Phase 3\\Final-Project\\CyberScape-server\\routes\\rooms.js": {"path":"C:\\Users\\Arie\\Documents\\Hacktiv8\\Materi\\Phase 3\\Final-Project\\CyberScape-server\\routes\\rooms.js","statementMap":{"0":{"start":{"line":1,"column":16},"end":{"line":1,"column":34}},"1":{"start":{"line":2,"column":24},"end":{"line":2,"column":65}},"2":{"start":{"line":3,"column":15},"end":{"line":3,"column":31}},"3":{"start":{"line":5,"column":0},"end":{"line":5,"column":45}},"4":{"start":{"line":6,"column":0},"end":{"line":6,"column":48}},"5":{"start":{"line":8,"column":0},"end":{"line":8,"column":24}}},"fnMap":{},"branchMap":{},"s":{"0":6,"1":6,"2":6,"3":6,"4":6,"5":6},"f":{},"b":{},"_coverageSchema":"1a1c01bbd47fc00a2c39e90264f33305004495a9","hash":"f3c0bf63dbb3b833b3b53e4ccb6e068236dac5d8"}
,"C:\\Users\\Arie\\Documents\\Hacktiv8\\Materi\\Phase 3\\Final-Project\\CyberScape-server\\routes\\users.js": {"path":"C:\\Users\\Arie\\Documents\\Hacktiv8\\Materi\\Phase 3\\Final-Project\\CyberScape-server\\routes\\users.js","statementMap":{"0":{"start":{"line":1,"column":16},"end":{"line":1,"column":34}},"1":{"start":{"line":2,"column":24},"end":{"line":2,"column":65}},"2":{"start":{"line":3,"column":13},"end":{"line":3,"column":43}},"3":{"start":{"line":4,"column":15},"end":{"line":4,"column":47}},"4":{"start":{"line":5,"column":15},"end":{"line":5,"column":47}},"5":{"start":{"line":6,"column":15},"end":{"line":6,"column":31}},"6":{"start":{"line":8,"column":0},"end":{"line":8,"column":51}},"7":{"start":{"line":9,"column":0},"end":{"line":9,"column":45}},"8":{"start":{"line":10,"column":0},"end":{"line":10,"column":50}},"9":{"start":{"line":11,"column":0},"end":{"line":11,"column":58}},"10":{"start":{"line":12,"column":0},"end":{"line":12,"column":61}},"11":{"start":{"line":13,"column":0},"end":{"line":13,"column":67}},"12":{"start":{"line":14,"column":0},"end":{"line":14,"column":62}},"13":{"start":{"line":17,"column":0},"end":{"line":17,"column":24}}},"fnMap":{},"branchMap":{},"s":{"0":6,"1":6,"2":6,"3":6,"4":6,"5":6,"6":6,"7":6,"8":6,"9":6,"10":6,"11":6,"12":6,"13":6},"f":{},"b":{},"_coverageSchema":"1a1c01bbd47fc00a2c39e90264f33305004495a9","hash":"e55a2d9df9c4e150fd7fcce92e25f52edbd53a54"}
}
