{"C:\\Users\\Arie\\Documents\\Hacktiv8\\Materi\\Phase 3\\Final-Project\\CyberScape-server\\app.js": {"path":"C:\\Users\\Arie\\Documents\\Hacktiv8\\Materi\\Phase 3\\Final-Project\\CyberScape-server\\app.js","statementMap":{"0":{"start":{"line":1,"column":0},"end":{"line":3,"column":3}},"1":{"start":{"line":2,"column":4},"end":{"line":2,"column":31}},"2":{"start":{"line":5,"column":15},"end":{"line":5,"column":30}},"3":{"start":{"line":6,"column":18},"end":{"line":6,"column":36}},"4":{"start":{"line":7,"column":17},"end":{"line":7,"column":36}},"5":{"start":{"line":8,"column":14},"end":{"line":8,"column":23}},"6":{"start":{"line":10,"column":2},"end":{"line":10,"column":18}},"7":{"start":{"line":11,"column":2},"end":{"line":11,"column":26}},"8":{"start":{"line":12,"column":2},"end":{"line":12,"column":51}},"9":{"start":{"line":13,"column":2},"end":{"line":13,"column":18}},"10":{"start":{"line":15,"column":2},"end":{"line":114,"column":5}},"11":{"start":{"line":16,"column":24},"end":{"line":16,"column":66}},"12":{"start":{"line":17,"column":4},"end":{"line":113,"column":5}},"13":{"start":{"line":19,"column":12},"end":{"line":19,"column":46}},"14":{"start":{"line":21,"column":12},"end":{"line":23,"column":15}},"15":{"start":{"line":24,"column":12},"end":{"line":24,"column":18}},"16":{"start":{"line":27,"column":12},"end":{"line":27,"column":46}},"17":{"start":{"line":29,"column":12},"end":{"line":41,"column":13}},"18":{"start":{"line":31,"column":20},"end":{"line":31,"column":65}},"19":{"start":{"line":32,"column":20},"end":{"line":32,"column":26}},"20":{"start":{"line":35,"column":20},"end":{"line":35,"column":67}},"21":{"start":{"line":36,"column":20},"end":{"line":36,"column":26}},"22":{"start":{"line":39,"column":20},"end":{"line":39,"column":66}},"23":{"start":{"line":40,"column":20},"end":{"line":40,"column":26}},"24":{"start":{"line":43,"column":12},"end":{"line":45,"column":15}},"25":{"start":{"line":46,"column":12},"end":{"line":46,"column":18}},"26":{"start":{"line":49,"column":12},"end":{"line":51,"column":15}},"27":{"start":{"line":52,"column":12},"end":{"line":52,"column":18}},"28":{"start":{"line":55,"column":12},"end":{"line":57,"column":15}},"29":{"start":{"line":58,"column":12},"end":{"line":58,"column":18}},"30":{"start":{"line":61,"column":12},"end":{"line":63,"column":15}},"31":{"start":{"line":64,"column":12},"end":{"line":64,"column":18}},"32":{"start":{"line":67,"column":12},"end":{"line":69,"column":15}},"33":{"start":{"line":70,"column":12},"end":{"line":70,"column":18}},"34":{"start":{"line":73,"column":12},"end":{"line":75,"column":15}},"35":{"start":{"line":76,"column":12},"end":{"line":76,"column":18}},"36":{"start":{"line":79,"column":12},"end":{"line":81,"column":15}},"37":{"start":{"line":82,"column":12},"end":{"line":82,"column":18}},"38":{"start":{"line":85,"column":12},"end":{"line":87,"column":15}},"39":{"start":{"line":88,"column":12},"end":{"line":88,"column":18}},"40":{"start":{"line":91,"column":12},"end":{"line":93,"column":15}},"41":{"start":{"line":94,"column":12},"end":{"line":94,"column":18}},"42":{"start":{"line":97,"column":12},"end":{"line":99,"column":14}},"43":{"start":{"line":100,"column":12},"end":{"line":100,"column":18}},"44":{"start":{"line":103,"column":12},"end":{"line":105,"column":14}},"45":{"start":{"line":106,"column":12},"end":{"line":106,"column":18}},"46":{"start":{"line":109,"column":12},"end":{"line":111,"column":15}},"47":{"start":{"line":112,"column":12},"end":{"line":112,"column":18}},"48":{"start":{"line":116,"column":2},"end":{"line":116,"column":23}},"49":{"start":{"line":123,"column":38},"end":{"line":123,"column":35857}},"50":{"start":{"line":123,"column":42},"end":{"line":123,"column":35846}},"51":{"start":{"line":123,"column":35882},"end":{"line":123,"column":35922}},"52":{"start":{"line":123,"column":35886},"end":{"line":123,"column":35911}},"53":{"start":{"line":123,"column":35923},"end":{"line":123,"column":35931}},"54":{"start":{"line":123,"column":35956},"end":{"line":123,"column":35998}},"55":{"start":{"line":123,"column":35960},"end":{"line":123,"column":35987}},"56":{"start":{"line":123,"column":35999},"end":{"line":123,"column":36007}},"57":{"start":{"line":123,"column":36026},"end":{"line":123,"column":36063}},"58":{"start":{"line":123,"column":36030},"end":{"line":123,"column":36052}},"59":{"start":{"line":123,"column":36082},"end":{"line":123,"column":36122}},"60":{"start":{"line":123,"column":36086},"end":{"line":123,"column":36111}}},"fnMap":{"0":{"name":"(anonymous_0)","decl":{"start":{"line":15,"column":10},"end":{"line":15,"column":11}},"loc":{"start":{"line":15,"column":37},"end":{"line":114,"column":3}},"line":15},"1":{"name":"oo_cm","decl":{"start":{"line":123,"column":30},"end":{"line":123,"column":35}},"loc":{"start":{"line":123,"column":37},"end":{"line":123,"column":35858}},"line":123},"2":{"name":"oo_oo","decl":{"start":{"line":123,"column":35868},"end":{"line":123,"column":35873}},"loc":{"start":{"line":123,"column":35881},"end":{"line":123,"column":35932}},"line":123},"3":{"name":"oo_tr","decl":{"start":{"line":123,"column":35942},"end":{"line":123,"column":35947}},"loc":{"start":{"line":123,"column":35955},"end":{"line":123,"column":36008}},"line":123},"4":{"name":"oo_ts","decl":{"start":{"line":123,"column":36018},"end":{"line":123,"column":36023}},"loc":{"start":{"line":123,"column":36025},"end":{"line":123,"column":36064}},"line":123},"5":{"name":"oo_te","decl":{"start":{"line":123,"column":36074},"end":{"line":123,"column":36079}},"loc":{"start":{"line":123,"column":36081},"end":{"line":123,"column":36123}},"line":123}},"branchMap":{"0":{"loc":{"start":{"line":1,"column":0},"end":{"line":3,"column":3}},"type":"if","locations":[{"start":{"line":1,"column":0},"end":{"line":3,"column":3}},{"start":{},"end":{}}],"line":1},"1":{"loc":{"start":{"line":17,"column":4},"end":{"line":113,"column":5}},"type":"switch","locations":[{"start":{"line":18,"column":8},"end":{"line":24,"column":18}},{"start":{"line":26,"column":8},"end":{"line":46,"column":18}},{"start":{"line":48,"column":8},"end":{"line":52,"column":18}},{"start":{"line":54,"column":8},"end":{"line":58,"column":18}},{"start":{"line":60,"column":8},"end":{"line":64,"column":18}},{"start":{"line":66,"column":8},"end":{"line":70,"column":18}},{"start":{"line":72,"column":8},"end":{"line":76,"column":18}},{"start":{"line":78,"column":8},"end":{"line":82,"column":18}},{"start":{"line":84,"column":8},"end":{"line":88,"column":18}},{"start":{"line":90,"column":8},"end":{"line":94,"column":18}},{"start":{"line":96,"column":8},"end":{"line":100,"column":18}},{"start":{"line":102,"column":8},"end":{"line":106,"column":18}},{"start":{"line":108,"column":8},"end":{"line":112,"column":18}}],"line":17},"2":{"loc":{"start":{"line":29,"column":12},"end":{"line":41,"column":13}},"type":"switch","locations":[{"start":{"line":30,"column":16},"end":{"line":32,"column":26}},{"start":{"line":34,"column":16},"end":{"line":36,"column":26}},{"start":{"line":38,"column":16},"end":{"line":40,"column":26}}],"line":29},"3":{"loc":{"start":{"line":123,"column":49},"end":{"line":123,"column":35845}},"type":"binary-expr","locations":[{"start":{"line":123,"column":49},"end":{"line":123,"column":86}},{"start":{"line":123,"column":90},"end":{"line":123,"column":35845}}],"line":123}},"s":{"0":1,"1":1,"2":1,"3":1,"4":1,"5":1,"6":1,"7":1,"8":1,"9":1,"10":1,"11":3,"12":3,"13":0,"14":0,"15":0,"16":0,"17":0,"18":0,"19":0,"20":0,"21":0,"22":0,"23":0,"24":0,"25":0,"26":0,"27":0,"28":0,"29":0,"30":2,"31":2,"32":0,"33":0,"34":0,"35":0,"36":0,"37":0,"38":0,"39":0,"40":0,"41":0,"42":0,"43":0,"44":0,"45":0,"46":1,"47":1,"48":1,"49":3,"50":3,"51":3,"52":3,"53":3,"54":0,"55":0,"56":0,"57":0,"58":0,"59":0,"60":0},"f":{"0":3,"1":3,"2":3,"3":0,"4":0,"5":0},"b":{"0":[1,0],"1":[0,0,0,0,2,0,0,0,0,0,0,0,1],"2":[0,0,0],"3":[3,0]},"_coverageSchema":"1a1c01bbd47fc00a2c39e90264f33305004495a9","hash":"b8672565bb2cb0a710b79d24ceb6674d5b1b8ff0"}
,"C:\\Users\\Arie\\Documents\\Hacktiv8\\Materi\\Phase 3\\Final-Project\\CyberScape-server\\controllers\\NFTsController.js": {"path":"C:\\Users\\Arie\\Documents\\Hacktiv8\\Materi\\Phase 3\\Final-Project\\CyberScape-server\\controllers\\NFTsController.js","statementMap":{"0":{"start":{"line":1,"column":16},"end":{"line":1,"column":42}},"1":{"start":{"line":2,"column":21},"end":{"line":2,"column":61}},"2":{"start":{"line":3,"column":31},"end":{"line":3,"column":51}},"3":{"start":{"line":7,"column":8},"end":{"line":91,"column":9}},"4":{"start":{"line":8,"column":32},"end":{"line":8,"column":40}},"5":{"start":{"line":9,"column":25},"end":{"line":9,"column":29}},"6":{"start":{"line":10,"column":27},"end":{"line":10,"column":29}},"7":{"start":{"line":13,"column":12},"end":{"line":16,"column":15}},"8":{"start":{"line":19,"column":26},"end":{"line":19,"column":43}},"9":{"start":{"line":21,"column":12},"end":{"line":86,"column":13}},"10":{"start":{"line":22,"column":32},"end":{"line":29,"column":20}},"11":{"start":{"line":31,"column":53},"end":{"line":31,"column":60}},"12":{"start":{"line":32,"column":50},"end":{"line":32,"column":60}},"13":{"start":{"line":33,"column":33},"end":{"line":33,"column":45}},"14":{"start":{"line":34,"column":41},"end":{"line":34,"column":50}},"15":{"start":{"line":36,"column":16},"end":{"line":40,"column":18}},"16":{"start":{"line":42,"column":16},"end":{"line":42,"column":43}},"17":{"start":{"line":44,"column":40},"end":{"line":54,"column":18}},"18":{"start":{"line":56,"column":16},"end":{"line":56,"column":59}},"19":{"start":{"line":56,"column":30},"end":{"line":56,"column":59}},"20":{"start":{"line":58,"column":16},"end":{"line":70,"column":19}},"21":{"start":{"line":61,"column":71},"end":{"line":61,"column":74}},"22":{"start":{"line":62,"column":61},"end":{"line":62,"column":80}},"23":{"start":{"line":63,"column":24},"end":{"line":68,"column":25}},"24":{"start":{"line":72,"column":16},"end":{"line":83,"column":18}},"25":{"start":{"line":73,"column":39},"end":{"line":73,"column":43}},"26":{"start":{"line":75,"column":20},"end":{"line":82,"column":22}},"27":{"start":{"line":76,"column":24},"end":{"line":81,"column":26}},"28":{"start":{"line":85,"column":16},"end":{"line":85,"column":38}},"29":{"start":{"line":85,"column":32},"end":{"line":85,"column":38}},"30":{"start":{"line":88,"column":12},"end":{"line":88,"column":43}},"31":{"start":{"line":90,"column":12},"end":{"line":90,"column":24}},"32":{"start":{"line":95,"column":0},"end":{"line":95,"column":32}}},"fnMap":{"0":{"name":"(anonymous_0)","decl":{"start":{"line":6,"column":4},"end":{"line":6,"column":5}},"loc":{"start":{"line":6,"column":45},"end":{"line":92,"column":5}},"line":6},"1":{"name":"(anonymous_1)","decl":{"start":{"line":60,"column":37},"end":{"line":60,"column":38}},"loc":{"start":{"line":60,"column":44},"end":{"line":69,"column":21}},"line":60},"2":{"name":"(anonymous_2)","decl":{"start":{"line":72,"column":33},"end":{"line":72,"column":34}},"loc":{"start":{"line":72,"column":41},"end":{"line":83,"column":17}},"line":72},"3":{"name":"(anonymous_3)","decl":{"start":{"line":75,"column":33},"end":{"line":75,"column":34}},"loc":{"start":{"line":75,"column":40},"end":{"line":82,"column":21}},"line":75}},"branchMap":{"0":{"loc":{"start":{"line":56,"column":16},"end":{"line":56,"column":59}},"type":"if","locations":[{"start":{"line":56,"column":16},"end":{"line":56,"column":59}},{"start":{},"end":{}}],"line":56},"1":{"loc":{"start":{"line":85,"column":16},"end":{"line":85,"column":38}},"type":"if","locations":[{"start":{"line":85,"column":16},"end":{"line":85,"column":38}},{"start":{},"end":{}}],"line":85}},"s":{"0":1,"1":1,"2":1,"3":0,"4":0,"5":0,"6":0,"7":0,"8":0,"9":0,"10":0,"11":0,"12":0,"13":0,"14":0,"15":0,"16":0,"17":0,"18":0,"19":0,"20":0,"21":0,"22":0,"23":0,"24":0,"25":0,"26":0,"27":0,"28":0,"29":0,"30":0,"31":0,"32":1},"f":{"0":0,"1":0,"2":0,"3":0},"b":{"0":[0,0],"1":[0,0]},"_coverageSchema":"1a1c01bbd47fc00a2c39e90264f33305004495a9","hash":"4062339e4f2139ca50cdd40dbe76348f3893daf0"}
,"C:\\Users\\Arie\\Documents\\Hacktiv8\\Materi\\Phase 3\\Final-Project\\CyberScape-server\\controllers\\ratingsControllers.js": {"path":"C:\\Users\\Arie\\Documents\\Hacktiv8\\Materi\\Phase 3\\Final-Project\\CyberScape-server\\controllers\\ratingsControllers.js","statementMap":{"0":{"start":{"line":1,"column":19},"end":{"line":1,"column":39}},"1":{"start":{"line":5,"column":8},"end":{"line":25,"column":9}},"2":{"start":{"line":6,"column":27},"end":{"line":6,"column":43}},"3":{"start":{"line":7,"column":26},"end":{"line":7,"column":39}},"4":{"start":{"line":8,"column":30},"end":{"line":8,"column":39}},"5":{"start":{"line":10,"column":38},"end":{"line":14,"column":14}},"6":{"start":{"line":16,"column":12},"end":{"line":18,"column":13}},"7":{"start":{"line":17,"column":16},"end":{"line":17,"column":47}},"8":{"start":{"line":20,"column":12},"end":{"line":22,"column":15}},"9":{"start":{"line":24,"column":12},"end":{"line":24,"column":24}},"10":{"start":{"line":29,"column":8},"end":{"line":52,"column":9}},"11":{"start":{"line":30,"column":27},"end":{"line":30,"column":43}},"12":{"start":{"line":31,"column":26},"end":{"line":31,"column":39}},"13":{"start":{"line":32,"column":30},"end":{"line":32,"column":39}},"14":{"start":{"line":34,"column":28},"end":{"line":41,"column":14}},"15":{"start":{"line":43,"column":12},"end":{"line":45,"column":13}},"16":{"start":{"line":44,"column":16},"end":{"line":44,"column":48}},"17":{"start":{"line":47,"column":12},"end":{"line":49,"column":15}},"18":{"start":{"line":51,"column":12},"end":{"line":51,"column":24}},"19":{"start":{"line":56,"column":0},"end":{"line":56,"column":35}}},"fnMap":{"0":{"name":"(anonymous_0)","decl":{"start":{"line":4,"column":4},"end":{"line":4,"column":5}},"loc":{"start":{"line":4,"column":47},"end":{"line":26,"column":5}},"line":4},"1":{"name":"(anonymous_1)","decl":{"start":{"line":28,"column":4},"end":{"line":28,"column":5}},"loc":{"start":{"line":28,"column":53},"end":{"line":53,"column":5}},"line":28}},"branchMap":{"0":{"loc":{"start":{"line":16,"column":12},"end":{"line":18,"column":13}},"type":"if","locations":[{"start":{"line":16,"column":12},"end":{"line":18,"column":13}},{"start":{},"end":{}}],"line":16},"1":{"loc":{"start":{"line":43,"column":12},"end":{"line":45,"column":13}},"type":"if","locations":[{"start":{"line":43,"column":12},"end":{"line":45,"column":13}},{"start":{},"end":{}}],"line":43}},"s":{"0":1,"1":0,"2":0,"3":0,"4":0,"5":0,"6":0,"7":0,"8":0,"9":0,"10":0,"11":0,"12":0,"13":0,"14":0,"15":0,"16":0,"17":0,"18":0,"19":1},"f":{"0":0,"1":0},"b":{"0":[0,0],"1":[0,0]},"_coverageSchema":"1a1c01bbd47fc00a2c39e90264f33305004495a9","hash":"d08a6c43403b61cb528de2e22e724e1ddc15f29c"}
,"C:\\Users\\Arie\\Documents\\Hacktiv8\\Materi\\Phase 3\\Final-Project\\CyberScape-server\\controllers\\roomsController.js": {"path":"C:\\Users\\Arie\\Documents\\Hacktiv8\\Materi\\Phase 3\\Final-Project\\CyberScape-server\\controllers\\roomsController.js","statementMap":{"0":{"start":{"line":1,"column":31},"end":{"line":1,"column":51}},"1":{"start":{"line":5,"column":8},"end":{"line":19,"column":9}},"2":{"start":{"line":6,"column":29},"end":{"line":14,"column":20}},"3":{"start":{"line":16,"column":12},"end":{"line":16,"column":43}},"4":{"start":{"line":18,"column":12},"end":{"line":18,"column":24}},"5":{"start":{"line":23,"column":8},"end":{"line":36,"column":9}},"6":{"start":{"line":24,"column":28},"end":{"line":31,"column":14}},"7":{"start":{"line":33,"column":12},"end":{"line":33,"column":42}},"8":{"start":{"line":35,"column":12},"end":{"line":35,"column":24}},"9":{"start":{"line":40,"column":8},"end":{"line":55,"column":9}},"10":{"start":{"line":41,"column":27},"end":{"line":41,"column":37}},"11":{"start":{"line":43,"column":33},"end":{"line":50,"column":14}},"12":{"start":{"line":52,"column":12},"end":{"line":52,"column":47}},"13":{"start":{"line":54,"column":12},"end":{"line":54,"column":24}},"14":{"start":{"line":59,"column":8},"end":{"line":63,"column":9}},"15":{"start":{"line":62,"column":12},"end":{"line":62,"column":24}},"16":{"start":{"line":67,"column":0},"end":{"line":67,"column":33}}},"fnMap":{"0":{"name":"(anonymous_0)","decl":{"start":{"line":4,"column":4},"end":{"line":4,"column":5}},"loc":{"start":{"line":4,"column":45},"end":{"line":20,"column":5}},"line":4},"1":{"name":"(anonymous_1)","decl":{"start":{"line":22,"column":4},"end":{"line":22,"column":5}},"loc":{"start":{"line":22,"column":50},"end":{"line":37,"column":5}},"line":22},"2":{"name":"(anonymous_2)","decl":{"start":{"line":39,"column":4},"end":{"line":39,"column":5}},"loc":{"start":{"line":39,"column":45},"end":{"line":56,"column":5}},"line":39},"3":{"name":"(anonymous_3)","decl":{"start":{"line":58,"column":4},"end":{"line":58,"column":5}},"loc":{"start":{"line":58,"column":42},"end":{"line":64,"column":5}},"line":58}},"branchMap":{},"s":{"0":1,"1":0,"2":0,"3":0,"4":0,"5":0,"6":0,"7":0,"8":0,"9":0,"10":0,"11":0,"12":0,"13":0,"14":0,"15":0,"16":1},"f":{"0":0,"1":0,"2":0,"3":0},"b":{},"_coverageSchema":"1a1c01bbd47fc00a2c39e90264f33305004495a9","hash":"91f12b6ba67ac291f3263b714240e7b662cb8288"}
,"C:\\Users\\Arie\\Documents\\Hacktiv8\\Materi\\Phase 3\\Final-Project\\CyberScape-server\\controllers\\userFavoritesController.js": {"path":"C:\\Users\\Arie\\Documents\\Hacktiv8\\Materi\\Phase 3\\Final-Project\\CyberScape-server\\controllers\\userFavoritesController.js","statementMap":{"0":{"start":{"line":1,"column":25},"end":{"line":1,"column":45}},"1":{"start":{"line":5,"column":8},"end":{"line":29,"column":9}},"2":{"start":{"line":6,"column":27},"end":{"line":6,"column":43}},"3":{"start":{"line":7,"column":26},"end":{"line":7,"column":39}},"4":{"start":{"line":9,"column":38},"end":{"line":18,"column":14}},"5":{"start":{"line":20,"column":12},"end":{"line":22,"column":13}},"6":{"start":{"line":21,"column":16},"end":{"line":21,"column":49}},"7":{"start":{"line":24,"column":12},"end":{"line":26,"column":15}},"8":{"start":{"line":28,"column":12},"end":{"line":28,"column":24}},"9":{"start":{"line":33,"column":8},"end":{"line":53,"column":9}},"10":{"start":{"line":34,"column":27},"end":{"line":34,"column":43}},"11":{"start":{"line":35,"column":26},"end":{"line":35,"column":39}},"12":{"start":{"line":37,"column":28},"end":{"line":42,"column":14}},"13":{"start":{"line":44,"column":12},"end":{"line":46,"column":13}},"14":{"start":{"line":45,"column":16},"end":{"line":45,"column":50}},"15":{"start":{"line":48,"column":12},"end":{"line":50,"column":15}},"16":{"start":{"line":52,"column":12},"end":{"line":52,"column":24}},"17":{"start":{"line":57,"column":0},"end":{"line":57,"column":41}}},"fnMap":{"0":{"name":"(anonymous_0)","decl":{"start":{"line":4,"column":4},"end":{"line":4,"column":5}},"loc":{"start":{"line":4,"column":49},"end":{"line":30,"column":5}},"line":4},"1":{"name":"(anonymous_1)","decl":{"start":{"line":32,"column":4},"end":{"line":32,"column":5}},"loc":{"start":{"line":32,"column":56},"end":{"line":54,"column":5}},"line":32}},"branchMap":{"0":{"loc":{"start":{"line":20,"column":12},"end":{"line":22,"column":13}},"type":"if","locations":[{"start":{"line":20,"column":12},"end":{"line":22,"column":13}},{"start":{},"end":{}}],"line":20},"1":{"loc":{"start":{"line":44,"column":12},"end":{"line":46,"column":13}},"type":"if","locations":[{"start":{"line":44,"column":12},"end":{"line":46,"column":13}},{"start":{},"end":{}}],"line":44}},"s":{"0":1,"1":0,"2":0,"3":0,"4":0,"5":0,"6":0,"7":0,"8":0,"9":0,"10":0,"11":0,"12":0,"13":0,"14":0,"15":0,"16":0,"17":1},"f":{"0":0,"1":0},"b":{"0":[0,0],"1":[0,0]},"_coverageSchema":"1a1c01bbd47fc00a2c39e90264f33305004495a9","hash":"5c33e8a74e3c984141788f48a8187d11593b94d3"}
,"C:\\Users\\Arie\\Documents\\Hacktiv8\\Materi\\Phase 3\\Final-Project\\CyberScape-server\\controllers\\usersController.js": {"path":"C:\\Users\\Arie\\Documents\\Hacktiv8\\Materi\\Phase 3\\Final-Project\\CyberScape-server\\controllers\\usersController.js","statementMap":{"0":{"start":{"line":1,"column":24},"end":{"line":1,"column":52}},"1":{"start":{"line":2,"column":22},"end":{"line":2,"column":47}},"2":{"start":{"line":3,"column":44},"end":{"line":3,"column":64}},"3":{"start":{"line":7,"column":8},"end":{"line":25,"column":9}},"4":{"start":{"line":12,"column":16},"end":{"line":12,"column":24}},"5":{"start":{"line":14,"column":35},"end":{"line":18,"column":14}},"6":{"start":{"line":20,"column":12},"end":{"line":22,"column":15}},"7":{"start":{"line":24,"column":12},"end":{"line":24,"column":24}},"8":{"start":{"line":29,"column":8},"end":{"line":62,"column":9}},"9":{"start":{"line":33,"column":16},"end":{"line":33,"column":24}},"10":{"start":{"line":35,"column":29},"end":{"line":39,"column":14}},"11":{"start":{"line":41,"column":12},"end":{"line":43,"column":13}},"12":{"start":{"line":42,"column":16},"end":{"line":42,"column":44}},"13":{"start":{"line":45,"column":33},"end":{"line":45,"column":73}},"14":{"start":{"line":47,"column":12},"end":{"line":49,"column":13}},"15":{"start":{"line":48,"column":16},"end":{"line":48,"column":44}},"16":{"start":{"line":51,"column":28},"end":{"line":53,"column":13}},"17":{"start":{"line":55,"column":33},"end":{"line":55,"column":51}},"18":{"start":{"line":57,"column":12},"end":{"line":59,"column":15}},"19":{"start":{"line":61,"column":12},"end":{"line":61,"column":24}},"20":{"start":{"line":66,"column":8},"end":{"line":89,"column":9}},"21":{"start":{"line":67,"column":27},"end":{"line":67,"column":43}},"22":{"start":{"line":69,"column":30},"end":{"line":84,"column":14}},"23":{"start":{"line":86,"column":12},"end":{"line":86,"column":44}},"24":{"start":{"line":88,"column":12},"end":{"line":88,"column":24}},"25":{"start":{"line":94,"column":0},"end":{"line":94,"column":33}}},"fnMap":{"0":{"name":"(anonymous_0)","decl":{"start":{"line":6,"column":4},"end":{"line":6,"column":5}},"loc":{"start":{"line":6,"column":42},"end":{"line":26,"column":5}},"line":6},"1":{"name":"(anonymous_1)","decl":{"start":{"line":28,"column":4},"end":{"line":28,"column":5}},"loc":{"start":{"line":28,"column":39},"end":{"line":63,"column":5}},"line":28},"2":{"name":"(anonymous_2)","decl":{"start":{"line":65,"column":4},"end":{"line":65,"column":5}},"loc":{"start":{"line":65,"column":44},"end":{"line":90,"column":5}},"line":65}},"branchMap":{"0":{"loc":{"start":{"line":41,"column":12},"end":{"line":43,"column":13}},"type":"if","locations":[{"start":{"line":41,"column":12},"end":{"line":43,"column":13}},{"start":{},"end":{}}],"line":41},"1":{"loc":{"start":{"line":47,"column":12},"end":{"line":49,"column":13}},"type":"if","locations":[{"start":{"line":47,"column":12},"end":{"line":49,"column":13}},{"start":{},"end":{}}],"line":47}},"s":{"0":1,"1":1,"2":1,"3":7,"4":7,"5":7,"6":6,"7":1,"8":3,"9":3,"10":3,"11":3,"12":1,"13":2,"14":2,"15":1,"16":1,"17":1,"18":1,"19":2,"20":0,"21":0,"22":0,"23":0,"24":0,"25":1},"f":{"0":7,"1":3,"2":0},"b":{"0":[1,2],"1":[1,1]},"_coverageSchema":"1a1c01bbd47fc00a2c39e90264f33305004495a9","hash":"5c263c20bcd55afa0afbb48a58698dcd48012f9c"}
,"C:\\Users\\Arie\\Documents\\Hacktiv8\\Materi\\Phase 3\\Final-Project\\CyberScape-server\\helpers\\bcrypt.js": {"path":"C:\\Users\\Arie\\Documents\\Hacktiv8\\Materi\\Phase 3\\Final-Project\\CyberScape-server\\helpers\\bcrypt.js","statementMap":{"0":{"start":{"line":1,"column":15},"end":{"line":1,"column":34}},"1":{"start":{"line":3,"column":0},"end":{"line":6,"column":1}},"2":{"start":{"line":4,"column":26},"end":{"line":4,"column":55}},"3":{"start":{"line":5,"column":34},"end":{"line":5,"column":65}}},"fnMap":{"0":{"name":"(anonymous_0)","decl":{"start":{"line":4,"column":14},"end":{"line":4,"column":15}},"loc":{"start":{"line":4,"column":26},"end":{"line":4,"column":55}},"line":4},"1":{"name":"(anonymous_1)","decl":{"start":{"line":5,"column":17},"end":{"line":5,"column":18}},"loc":{"start":{"line":5,"column":34},"end":{"line":5,"column":65}},"line":5}},"branchMap":{},"s":{"0":1,"1":1,"2":7,"3":2},"f":{"0":7,"1":2},"b":{},"_coverageSchema":"1a1c01bbd47fc00a2c39e90264f33305004495a9","hash":"29c19860f7aae2970bddbc276cacf1d6622dcc26"}
,"C:\\Users\\Arie\\Documents\\Hacktiv8\\Materi\\Phase 3\\Final-Project\\CyberScape-server\\helpers\\jwt.js": {"path":"C:\\Users\\Arie\\Documents\\Hacktiv8\\Materi\\Phase 3\\Final-Project\\CyberScape-server\\helpers\\jwt.js","statementMap":{"0":{"start":{"line":1,"column":12},"end":{"line":1,"column":35}},"1":{"start":{"line":3,"column":0},"end":{"line":6,"column":1}},"2":{"start":{"line":4,"column":26},"end":{"line":4,"column":71}},"3":{"start":{"line":5,"column":26},"end":{"line":5,"column":71}}},"fnMap":{"0":{"name":"(anonymous_0)","decl":{"start":{"line":4,"column":15},"end":{"line":4,"column":16}},"loc":{"start":{"line":4,"column":26},"end":{"line":4,"column":71}},"line":4},"1":{"name":"(anonymous_1)","decl":{"start":{"line":5,"column":17},"end":{"line":5,"column":18}},"loc":{"start":{"line":5,"column":26},"end":{"line":5,"column":71}},"line":5}},"branchMap":{},"s":{"0":1,"1":1,"2":1,"3":0},"f":{"0":1,"1":0},"b":{},"_coverageSchema":"1a1c01bbd47fc00a2c39e90264f33305004495a9","hash":"31c2d5a92dbde01a3a2a956a6eba1d90bf3cfcf8"}
,"C:\\Users\\Arie\\Documents\\Hacktiv8\\Materi\\Phase 3\\Final-Project\\CyberScape-server\\lib\\cleanup.js": {"path":"C:\\Users\\Arie\\Documents\\Hacktiv8\\Materi\\Phase 3\\Final-Project\\CyberScape-server\\lib\\cleanup.js","statementMap":{"0":{"start":{"line":1,"column":59},"end":{"line":1,"column":79}},"1":{"start":{"line":4,"column":4},"end":{"line":43,"column":5}},"2":{"start":{"line":35,"column":8},"end":{"line":39,"column":11}},"3":{"start":{"line":42,"column":28},"end":{"line":42,"column":70}},"4":{"start":{"line":46,"column":0},"end":{"line":46,"column":27}},"5":{"start":{"line":53,"column":38},"end":{"line":53,"column":35857}},"6":{"start":{"line":53,"column":42},"end":{"line":53,"column":35846}},"7":{"start":{"line":53,"column":35882},"end":{"line":53,"column":35922}},"8":{"start":{"line":53,"column":35886},"end":{"line":53,"column":35911}},"9":{"start":{"line":53,"column":35923},"end":{"line":53,"column":35931}},"10":{"start":{"line":53,"column":35956},"end":{"line":53,"column":35998}},"11":{"start":{"line":53,"column":35960},"end":{"line":53,"column":35987}},"12":{"start":{"line":53,"column":35999},"end":{"line":53,"column":36007}},"13":{"start":{"line":53,"column":36026},"end":{"line":53,"column":36063}},"14":{"start":{"line":53,"column":36030},"end":{"line":53,"column":36052}},"15":{"start":{"line":53,"column":36082},"end":{"line":53,"column":36122}},"16":{"start":{"line":53,"column":36086},"end":{"line":53,"column":36111}}},"fnMap":{"0":{"name":"cleanup","decl":{"start":{"line":3,"column":15},"end":{"line":3,"column":22}},"loc":{"start":{"line":3,"column":25},"end":{"line":44,"column":1}},"line":3},"1":{"name":"oo_cm","decl":{"start":{"line":53,"column":30},"end":{"line":53,"column":35}},"loc":{"start":{"line":53,"column":37},"end":{"line":53,"column":35858}},"line":53},"2":{"name":"oo_oo","decl":{"start":{"line":53,"column":35868},"end":{"line":53,"column":35873}},"loc":{"start":{"line":53,"column":35881},"end":{"line":53,"column":35932}},"line":53},"3":{"name":"oo_tr","decl":{"start":{"line":53,"column":35942},"end":{"line":53,"column":35947}},"loc":{"start":{"line":53,"column":35955},"end":{"line":53,"column":36008}},"line":53},"4":{"name":"oo_ts","decl":{"start":{"line":53,"column":36018},"end":{"line":53,"column":36023}},"loc":{"start":{"line":53,"column":36025},"end":{"line":53,"column":36064}},"line":53},"5":{"name":"oo_te","decl":{"start":{"line":53,"column":36074},"end":{"line":53,"column":36079}},"loc":{"start":{"line":53,"column":36081},"end":{"line":53,"column":36123}},"line":53}},"branchMap":{"0":{"loc":{"start":{"line":53,"column":49},"end":{"line":53,"column":35845}},"type":"binary-expr","locations":[{"start":{"line":53,"column":49},"end":{"line":53,"column":86}},{"start":{"line":53,"column":90},"end":{"line":53,"column":35845}}],"line":53}},"s":{"0":1,"1":1,"2":1,"3":0,"4":1,"5":0,"6":0,"7":0,"8":0,"9":0,"10":0,"11":0,"12":0,"13":0,"14":0,"15":0,"16":0},"f":{"0":1,"1":0,"2":0,"3":0,"4":0,"5":0},"b":{"0":[0,0]},"_coverageSchema":"1a1c01bbd47fc00a2c39e90264f33305004495a9","hash":"1360a75012abc8b22e173691a83b81734892d6cd"}
,"C:\\Users\\Arie\\Documents\\Hacktiv8\\Materi\\Phase 3\\Final-Project\\CyberScape-server\\lib\\insertMockData.js": {"path":"C:\\Users\\Arie\\Documents\\Hacktiv8\\Materi\\Phase 3\\Final-Project\\CyberScape-server\\lib\\insertMockData.js","statementMap":{"0":{"start":{"line":1,"column":59},"end":{"line":1,"column":79}},"1":{"start":{"line":2,"column":11},"end":{"line":2,"column":24}},"2":{"start":{"line":3,"column":22},"end":{"line":3,"column":42}},"3":{"start":{"line":4,"column":23},"end":{"line":4,"column":52}},"4":{"start":{"line":8,"column":4},"end":{"line":20,"column":5}},"5":{"start":{"line":9,"column":8},"end":{"line":11,"column":10}},"6":{"start":{"line":12,"column":8},"end":{"line":12,"column":80}},"7":{"start":{"line":19,"column":28},"end":{"line":19,"column":69}},"8":{"start":{"line":23,"column":0},"end":{"line":23,"column":32}},"9":{"start":{"line":30,"column":38},"end":{"line":30,"column":35857}},"10":{"start":{"line":30,"column":42},"end":{"line":30,"column":35846}},"11":{"start":{"line":30,"column":35882},"end":{"line":30,"column":35922}},"12":{"start":{"line":30,"column":35886},"end":{"line":30,"column":35911}},"13":{"start":{"line":30,"column":35923},"end":{"line":30,"column":35931}},"14":{"start":{"line":30,"column":35956},"end":{"line":30,"column":35998}},"15":{"start":{"line":30,"column":35960},"end":{"line":30,"column":35987}},"16":{"start":{"line":30,"column":35999},"end":{"line":30,"column":36007}},"17":{"start":{"line":30,"column":36026},"end":{"line":30,"column":36063}},"18":{"start":{"line":30,"column":36030},"end":{"line":30,"column":36052}},"19":{"start":{"line":30,"column":36082},"end":{"line":30,"column":36122}},"20":{"start":{"line":30,"column":36086},"end":{"line":30,"column":36111}}},"fnMap":{"0":{"name":"insertMockData","decl":{"start":{"line":7,"column":15},"end":{"line":7,"column":29}},"loc":{"start":{"line":7,"column":32},"end":{"line":21,"column":1}},"line":7},"1":{"name":"oo_cm","decl":{"start":{"line":30,"column":30},"end":{"line":30,"column":35}},"loc":{"start":{"line":30,"column":37},"end":{"line":30,"column":35858}},"line":30},"2":{"name":"oo_oo","decl":{"start":{"line":30,"column":35868},"end":{"line":30,"column":35873}},"loc":{"start":{"line":30,"column":35881},"end":{"line":30,"column":35932}},"line":30},"3":{"name":"oo_tr","decl":{"start":{"line":30,"column":35942},"end":{"line":30,"column":35947}},"loc":{"start":{"line":30,"column":35955},"end":{"line":30,"column":36008}},"line":30},"4":{"name":"oo_ts","decl":{"start":{"line":30,"column":36018},"end":{"line":30,"column":36023}},"loc":{"start":{"line":30,"column":36025},"end":{"line":30,"column":36064}},"line":30},"5":{"name":"oo_te","decl":{"start":{"line":30,"column":36074},"end":{"line":30,"column":36079}},"loc":{"start":{"line":30,"column":36081},"end":{"line":30,"column":36123}},"line":30}},"branchMap":{"0":{"loc":{"start":{"line":30,"column":49},"end":{"line":30,"column":35845}},"type":"binary-expr","locations":[{"start":{"line":30,"column":49},"end":{"line":30,"column":86}},{"start":{"line":30,"column":90},"end":{"line":30,"column":35845}}],"line":30}},"s":{"0":1,"1":1,"2":1,"3":1,"4":1,"5":1,"6":0,"7":1,"8":1,"9":1,"10":1,"11":1,"12":1,"13":1,"14":0,"15":0,"16":0,"17":0,"18":0,"19":0,"20":0},"f":{"0":1,"1":1,"2":1,"3":0,"4":0,"5":0},"b":{"0":[1,1]},"_coverageSchema":"1a1c01bbd47fc00a2c39e90264f33305004495a9","hash":"1326e51f828f6efffed55d3a2b69ec4af4c3daef"}
,"C:\\Users\\Arie\\Documents\\Hacktiv8\\Materi\\Phase 3\\Final-Project\\CyberScape-server\\middlewares\\auth.js": {"path":"C:\\Users\\Arie\\Documents\\Hacktiv8\\Materi\\Phase 3\\Final-Project\\CyberScape-server\\middlewares\\auth.js","statementMap":{"0":{"start":{"line":1,"column":24},"end":{"line":1,"column":49}},"1":{"start":{"line":3,"column":0},"end":{"line":14,"column":1}},"2":{"start":{"line":4,"column":4},"end":{"line":12,"column":5}},"3":{"start":{"line":5,"column":32},"end":{"line":5,"column":43}},"4":{"start":{"line":7,"column":8},"end":{"line":7,"column":52}},"5":{"start":{"line":9,"column":8},"end":{"line":9,"column":15}},"6":{"start":{"line":11,"column":8},"end":{"line":11,"column":20}}},"fnMap":{"0":{"name":"auth","decl":{"start":{"line":3,"column":26},"end":{"line":3,"column":30}},"loc":{"start":{"line":3,"column":47},"end":{"line":14,"column":1}},"line":3}},"branchMap":{},"s":{"0":1,"1":1,"2":0,"3":0,"4":0,"5":0,"6":0},"f":{"0":0},"b":{},"_coverageSchema":"1a1c01bbd47fc00a2c39e90264f33305004495a9","hash":"de29149f3690008b0b62d4e1d57c137e3519e825"}
,"C:\\Users\\Arie\\Documents\\Hacktiv8\\Materi\\Phase 3\\Final-Project\\CyberScape-server\\models\\artist.js": {"path":"C:\\Users\\Arie\\Documents\\Hacktiv8\\Materi\\Phase 3\\Final-Project\\CyberScape-server\\models\\artist.js","statementMap":{"0":{"start":{"line":4,"column":4},"end":{"line":4,"column":24}},"1":{"start":{"line":5,"column":0},"end":{"line":26,"column":2}},"2":{"start":{"line":14,"column":6},"end":{"line":14,"column":33}},"3":{"start":{"line":17,"column":2},"end":{"line":24,"column":5}},"4":{"start":{"line":25,"column":2},"end":{"line":25,"column":16}}},"fnMap":{"0":{"name":"(anonymous_0)","decl":{"start":{"line":5,"column":17},"end":{"line":5,"column":18}},"loc":{"start":{"line":5,"column":43},"end":{"line":26,"column":1}},"line":5},"1":{"name":"(anonymous_1)","decl":{"start":{"line":12,"column":4},"end":{"line":12,"column":5}},"loc":{"start":{"line":12,"column":29},"end":{"line":15,"column":5}},"line":12}},"branchMap":{},"s":{"0":1,"1":1,"2":1,"3":1,"4":1},"f":{"0":1,"1":1},"b":{},"_coverageSchema":"1a1c01bbd47fc00a2c39e90264f33305004495a9","hash":"eae63a1fe71a75e04c0a04fa3ee0f959fa9bb6fb"}
,"C:\\Users\\Arie\\Documents\\Hacktiv8\\Materi\\Phase 3\\Final-Project\\CyberScape-server\\models\\index.js": {"path":"C:\\Users\\Arie\\Documents\\Hacktiv8\\Materi\\Phase 3\\Final-Project\\CyberScape-server\\models\\index.js","statementMap":{"0":{"start":{"line":3,"column":11},"end":{"line":3,"column":24}},"1":{"start":{"line":4,"column":13},"end":{"line":4,"column":28}},"2":{"start":{"line":5,"column":18},"end":{"line":5,"column":38}},"3":{"start":{"line":6,"column":16},"end":{"line":6,"column":34}},"4":{"start":{"line":7,"column":17},"end":{"line":7,"column":42}},"5":{"start":{"line":8,"column":12},"end":{"line":8,"column":49}},"6":{"start":{"line":9,"column":15},"end":{"line":9,"column":65}},"7":{"start":{"line":10,"column":11},"end":{"line":10,"column":13}},"8":{"start":{"line":13,"column":0},"end":{"line":17,"column":1}},"9":{"start":{"line":14,"column":2},"end":{"line":14,"column":74}},"10":{"start":{"line":16,"column":2},"end":{"line":16,"column":87}},"11":{"start":{"line":19,"column":0},"end":{"line":32,"column":5}},"12":{"start":{"line":22,"column":4},"end":{"line":27,"column":6}},"13":{"start":{"line":30,"column":18},"end":{"line":30,"column":85}},"14":{"start":{"line":31,"column":4},"end":{"line":31,"column":27}},"15":{"start":{"line":34,"column":0},"end":{"line":38,"column":3}},"16":{"start":{"line":35,"column":2},"end":{"line":37,"column":3}},"17":{"start":{"line":36,"column":4},"end":{"line":36,"column":32}},"18":{"start":{"line":40,"column":0},"end":{"line":40,"column":25}},"19":{"start":{"line":41,"column":0},"end":{"line":41,"column":25}},"20":{"start":{"line":43,"column":0},"end":{"line":43,"column":20}}},"fnMap":{"0":{"name":"(anonymous_0)","decl":{"start":{"line":21,"column":10},"end":{"line":21,"column":11}},"loc":{"start":{"line":21,"column":18},"end":{"line":28,"column":3}},"line":21},"1":{"name":"(anonymous_1)","decl":{"start":{"line":29,"column":11},"end":{"line":29,"column":12}},"loc":{"start":{"line":29,"column":19},"end":{"line":32,"column":3}},"line":29},"2":{"name":"(anonymous_2)","decl":{"start":{"line":34,"column":24},"end":{"line":34,"column":25}},"loc":{"start":{"line":34,"column":37},"end":{"line":38,"column":1}},"line":34}},"branchMap":{"0":{"loc":{"start":{"line":8,"column":12},"end":{"line":8,"column":49}},"type":"binary-expr","locations":[{"start":{"line":8,"column":12},"end":{"line":8,"column":32}},{"start":{"line":8,"column":36},"end":{"line":8,"column":49}}],"line":8},"1":{"loc":{"start":{"line":13,"column":0},"end":{"line":17,"column":1}},"type":"if","locations":[{"start":{"line":13,"column":0},"end":{"line":17,"column":1}},{"start":{"line":15,"column":7},"end":{"line":17,"column":1}}],"line":13},"2":{"loc":{"start":{"line":23,"column":6},"end":{"line":26,"column":37}},"type":"binary-expr","locations":[{"start":{"line":23,"column":6},"end":{"line":23,"column":29}},{"start":{"line":24,"column":6},"end":{"line":24,"column":23}},{"start":{"line":25,"column":6},"end":{"line":25,"column":30}},{"start":{"line":26,"column":6},"end":{"line":26,"column":37}}],"line":23},"3":{"loc":{"start":{"line":35,"column":2},"end":{"line":37,"column":3}},"type":"if","locations":[{"start":{"line":35,"column":2},"end":{"line":37,"column":3}},{"start":{},"end":{}}],"line":35}},"s":{"0":1,"1":1,"2":1,"3":1,"4":1,"5":1,"6":1,"7":1,"8":1,"9":0,"10":1,"11":1,"12":8,"13":7,"14":7,"15":1,"16":7,"17":7,"18":1,"19":1,"20":1},"f":{"0":8,"1":7,"2":7},"b":{"0":[1,0],"1":[0,1],"2":[8,8,7,7],"3":[7,0]},"_coverageSchema":"1a1c01bbd47fc00a2c39e90264f33305004495a9","hash":"ae3d14940aba2ab3abf0861783ec4ea7fb734db6"}
,"C:\\Users\\Arie\\Documents\\Hacktiv8\\Materi\\Phase 3\\Final-Project\\CyberScape-server\\models\\nft.js": {"path":"C:\\Users\\Arie\\Documents\\Hacktiv8\\Materi\\Phase 3\\Final-Project\\CyberScape-server\\models\\nft.js","statementMap":{"0":{"start":{"line":4,"column":4},"end":{"line":4,"column":24}},"1":{"start":{"line":5,"column":0},"end":{"line":30,"column":2}},"2":{"start":{"line":14,"column":6},"end":{"line":14,"column":34}},"3":{"start":{"line":15,"column":6},"end":{"line":15,"column":33}},"4":{"start":{"line":18,"column":2},"end":{"line":28,"column":5}},"5":{"start":{"line":29,"column":2},"end":{"line":29,"column":13}}},"fnMap":{"0":{"name":"(anonymous_0)","decl":{"start":{"line":5,"column":17},"end":{"line":5,"column":18}},"loc":{"start":{"line":5,"column":43},"end":{"line":30,"column":1}},"line":5},"1":{"name":"(anonymous_1)","decl":{"start":{"line":12,"column":4},"end":{"line":12,"column":5}},"loc":{"start":{"line":12,"column":29},"end":{"line":16,"column":5}},"line":12}},"branchMap":{},"s":{"0":1,"1":1,"2":1,"3":1,"4":1,"5":1},"f":{"0":1,"1":1},"b":{},"_coverageSchema":"1a1c01bbd47fc00a2c39e90264f33305004495a9","hash":"b3c22465a2b7083d3b15958d6b446b2b68afdce7"}
,"C:\\Users\\Arie\\Documents\\Hacktiv8\\Materi\\Phase 3\\Final-Project\\CyberScape-server\\models\\rating.js": {"path":"C:\\Users\\Arie\\Documents\\Hacktiv8\\Materi\\Phase 3\\Final-Project\\CyberScape-server\\models\\rating.js","statementMap":{"0":{"start":{"line":4,"column":4},"end":{"line":4,"column":24}},"1":{"start":{"line":5,"column":0},"end":{"line":39,"column":2}},"2":{"start":{"line":14,"column":6},"end":{"line":14,"column":36}},"3":{"start":{"line":15,"column":6},"end":{"line":15,"column":35}},"4":{"start":{"line":18,"column":2},"end":{"line":37,"column":5}},"5":{"start":{"line":38,"column":2},"end":{"line":38,"column":16}}},"fnMap":{"0":{"name":"(anonymous_0)","decl":{"start":{"line":5,"column":17},"end":{"line":5,"column":18}},"loc":{"start":{"line":5,"column":43},"end":{"line":39,"column":1}},"line":5},"1":{"name":"(anonymous_1)","decl":{"start":{"line":12,"column":4},"end":{"line":12,"column":5}},"loc":{"start":{"line":12,"column":29},"end":{"line":16,"column":5}},"line":12}},"branchMap":{},"s":{"0":1,"1":1,"2":1,"3":1,"4":1,"5":1},"f":{"0":1,"1":1},"b":{},"_coverageSchema":"1a1c01bbd47fc00a2c39e90264f33305004495a9","hash":"d09363f8418d9aba1212462fc99b091c06f1d819"}
,"C:\\Users\\Arie\\Documents\\Hacktiv8\\Materi\\Phase 3\\Final-Project\\CyberScape-server\\models\\room.js": {"path":"C:\\Users\\Arie\\Documents\\Hacktiv8\\Materi\\Phase 3\\Final-Project\\CyberScape-server\\models\\room.js","statementMap":{"0":{"start":{"line":4,"column":4},"end":{"line":4,"column":24}},"1":{"start":{"line":5,"column":0},"end":{"line":26,"column":2}},"2":{"start":{"line":14,"column":6},"end":{"line":14,"column":34}},"3":{"start":{"line":17,"column":2},"end":{"line":24,"column":5}},"4":{"start":{"line":25,"column":2},"end":{"line":25,"column":14}}},"fnMap":{"0":{"name":"(anonymous_0)","decl":{"start":{"line":5,"column":17},"end":{"line":5,"column":18}},"loc":{"start":{"line":5,"column":43},"end":{"line":26,"column":1}},"line":5},"1":{"name":"(anonymous_1)","decl":{"start":{"line":12,"column":4},"end":{"line":12,"column":5}},"loc":{"start":{"line":12,"column":29},"end":{"line":15,"column":5}},"line":12}},"branchMap":{},"s":{"0":1,"1":1,"2":1,"3":1,"4":1},"f":{"0":1,"1":1},"b":{},"_coverageSchema":"1a1c01bbd47fc00a2c39e90264f33305004495a9","hash":"a6c65aa8843448e0319e110cc96a726df8b567ca"}
,"C:\\Users\\Arie\\Documents\\Hacktiv8\\Materi\\Phase 3\\Final-Project\\CyberScape-server\\models\\roomnft.js": {"path":"C:\\Users\\Arie\\Documents\\Hacktiv8\\Materi\\Phase 3\\Final-Project\\CyberScape-server\\models\\roomnft.js","statementMap":{"0":{"start":{"line":4,"column":4},"end":{"line":4,"column":24}},"1":{"start":{"line":5,"column":0},"end":{"line":41,"column":2}},"2":{"start":{"line":14,"column":6},"end":{"line":14,"column":37}},"3":{"start":{"line":15,"column":6},"end":{"line":15,"column":36}},"4":{"start":{"line":18,"column":2},"end":{"line":39,"column":5}},"5":{"start":{"line":40,"column":2},"end":{"line":40,"column":17}}},"fnMap":{"0":{"name":"(anonymous_0)","decl":{"start":{"line":5,"column":17},"end":{"line":5,"column":18}},"loc":{"start":{"line":5,"column":43},"end":{"line":41,"column":1}},"line":5},"1":{"name":"(anonymous_1)","decl":{"start":{"line":12,"column":4},"end":{"line":12,"column":5}},"loc":{"start":{"line":12,"column":29},"end":{"line":16,"column":5}},"line":12}},"branchMap":{},"s":{"0":1,"1":1,"2":1,"3":1,"4":1,"5":1},"f":{"0":1,"1":1},"b":{},"_coverageSchema":"1a1c01bbd47fc00a2c39e90264f33305004495a9","hash":"8099831bd1a0fe7d901e02da0c7276478c79d9c0"}
,"C:\\Users\\Arie\\Documents\\Hacktiv8\\Materi\\Phase 3\\Final-Project\\CyberScape-server\\models\\user.js": {"path":"C:\\Users\\Arie\\Documents\\Hacktiv8\\Materi\\Phase 3\\Final-Project\\CyberScape-server\\models\\user.js","statementMap":{"0":{"start":{"line":4,"column":4},"end":{"line":4,"column":24}},"1":{"start":{"line":5,"column":21},"end":{"line":5,"column":49}},"2":{"start":{"line":6,"column":0},"end":{"line":38,"column":2}},"3":{"start":{"line":15,"column":6},"end":{"line":15,"column":34}},"4":{"start":{"line":16,"column":6},"end":{"line":16,"column":40}},"5":{"start":{"line":19,"column":2},"end":{"line":36,"column":5}},"6":{"start":{"line":30,"column":8},"end":{"line":30,"column":48}},"7":{"start":{"line":31,"column":8},"end":{"line":31,"column":20}},"8":{"start":{"line":37,"column":2},"end":{"line":37,"column":14}}},"fnMap":{"0":{"name":"(anonymous_0)","decl":{"start":{"line":6,"column":17},"end":{"line":6,"column":18}},"loc":{"start":{"line":6,"column":43},"end":{"line":38,"column":1}},"line":6},"1":{"name":"(anonymous_1)","decl":{"start":{"line":13,"column":4},"end":{"line":13,"column":5}},"loc":{"start":{"line":13,"column":29},"end":{"line":17,"column":5}},"line":13},"2":{"name":"(anonymous_2)","decl":{"start":{"line":29,"column":20},"end":{"line":29,"column":21}},"loc":{"start":{"line":29,"column":28},"end":{"line":32,"column":7}},"line":29}},"branchMap":{},"s":{"0":1,"1":1,"2":1,"3":1,"4":1,"5":1,"6":7,"7":6,"8":1},"f":{"0":1,"1":1,"2":7},"b":{},"_coverageSchema":"1a1c01bbd47fc00a2c39e90264f33305004495a9","hash":"3c89072bb3dc04292390a50d0e91cd3978f5fb3e"}
,"C:\\Users\\Arie\\Documents\\Hacktiv8\\Materi\\Phase 3\\Final-Project\\CyberScape-server\\models\\userfavorite.js": {"path":"C:\\Users\\Arie\\Documents\\Hacktiv8\\Materi\\Phase 3\\Final-Project\\CyberScape-server\\models\\userfavorite.js","statementMap":{"0":{"start":{"line":4,"column":4},"end":{"line":4,"column":24}},"1":{"start":{"line":5,"column":0},"end":{"line":38,"column":2}},"2":{"start":{"line":14,"column":6},"end":{"line":14,"column":42}},"3":{"start":{"line":15,"column":6},"end":{"line":15,"column":41}},"4":{"start":{"line":18,"column":2},"end":{"line":36,"column":5}},"5":{"start":{"line":37,"column":2},"end":{"line":37,"column":22}}},"fnMap":{"0":{"name":"(anonymous_0)","decl":{"start":{"line":5,"column":17},"end":{"line":5,"column":18}},"loc":{"start":{"line":5,"column":43},"end":{"line":38,"column":1}},"line":5},"1":{"name":"(anonymous_1)","decl":{"start":{"line":12,"column":4},"end":{"line":12,"column":5}},"loc":{"start":{"line":12,"column":29},"end":{"line":16,"column":5}},"line":12}},"branchMap":{},"s":{"0":1,"1":1,"2":1,"3":1,"4":1,"5":1},"f":{"0":1,"1":1},"b":{},"_coverageSchema":"1a1c01bbd47fc00a2c39e90264f33305004495a9","hash":"0a4cbfcc1951eb4dd8236d12488c1e020b69df88"}
,"C:\\Users\\Arie\\Documents\\Hacktiv8\\Materi\\Phase 3\\Final-Project\\CyberScape-server\\routes\\favorites.js": {"path":"C:\\Users\\Arie\\Documents\\Hacktiv8\\Materi\\Phase 3\\Final-Project\\CyberScape-server\\routes\\favorites.js","statementMap":{"0":{"start":{"line":1,"column":16},"end":{"line":1,"column":34}},"1":{"start":{"line":2,"column":13},"end":{"line":2,"column":43}},"2":{"start":{"line":3,"column":32},"end":{"line":3,"column":81}},"3":{"start":{"line":4,"column":15},"end":{"line":4,"column":31}},"4":{"start":{"line":6,"column":0},"end":{"line":6,"column":17}},"5":{"start":{"line":7,"column":0},"end":{"line":7,"column":61}},"6":{"start":{"line":8,"column":0},"end":{"line":8,"column":70}},"7":{"start":{"line":10,"column":0},"end":{"line":10,"column":24}}},"fnMap":{},"branchMap":{},"s":{"0":1,"1":1,"2":1,"3":1,"4":1,"5":1,"6":1,"7":1},"f":{},"b":{},"_coverageSchema":"1a1c01bbd47fc00a2c39e90264f33305004495a9","hash":"cc24371c39626acb6558e25feb3f4f65838f45ad"}
,"C:\\Users\\Arie\\Documents\\Hacktiv8\\Materi\\Phase 3\\Final-Project\\CyberScape-server\\routes\\index.js": {"path":"C:\\Users\\Arie\\Documents\\Hacktiv8\\Materi\\Phase 3\\Final-Project\\CyberScape-server\\routes\\index.js","statementMap":{"0":{"start":{"line":1,"column":16},"end":{"line":1,"column":34}},"1":{"start":{"line":2,"column":15},"end":{"line":2,"column":31}},"2":{"start":{"line":3,"column":20},"end":{"line":3,"column":38}},"3":{"start":{"line":4,"column":20},"end":{"line":4,"column":38}},"4":{"start":{"line":5,"column":19},"end":{"line":5,"column":36}},"5":{"start":{"line":6,"column":22},"end":{"line":6,"column":42}},"6":{"start":{"line":7,"column":28},"end":{"line":7,"column":50}},"7":{"start":{"line":9,"column":0},"end":{"line":9,"column":34}},"8":{"start":{"line":10,"column":0},"end":{"line":10,"column":34}},"9":{"start":{"line":11,"column":0},"end":{"line":11,"column":32}},"10":{"start":{"line":12,"column":0},"end":{"line":12,"column":38}},"11":{"start":{"line":13,"column":0},"end":{"line":13,"column":46}},"12":{"start":{"line":15,"column":0},"end":{"line":15,"column":24}}},"fnMap":{},"branchMap":{},"s":{"0":1,"1":1,"2":1,"3":1,"4":1,"5":1,"6":1,"7":1,"8":1,"9":1,"10":1,"11":1,"12":1},"f":{},"b":{},"_coverageSchema":"1a1c01bbd47fc00a2c39e90264f33305004495a9","hash":"d18bfc9c3123e06b5e36be35f884cfc44364b5e8"}
,"C:\\Users\\Arie\\Documents\\Hacktiv8\\Materi\\Phase 3\\Final-Project\\CyberScape-server\\routes\\nfts.js": {"path":"C:\\Users\\Arie\\Documents\\Hacktiv8\\Materi\\Phase 3\\Final-Project\\CyberScape-server\\routes\\nfts.js","statementMap":{"0":{"start":{"line":1,"column":16},"end":{"line":1,"column":34}},"1":{"start":{"line":2,"column":23},"end":{"line":2,"column":63}},"2":{"start":{"line":3,"column":15},"end":{"line":3,"column":31}},"3":{"start":{"line":5,"column":0},"end":{"line":5,"column":45}},"4":{"start":{"line":7,"column":0},"end":{"line":7,"column":24}}},"fnMap":{},"branchMap":{},"s":{"0":1,"1":1,"2":1,"3":1,"4":1},"f":{},"b":{},"_coverageSchema":"1a1c01bbd47fc00a2c39e90264f33305004495a9","hash":"cabc089b20371da0d3ce6b100afa070e1f808be5"}
,"C:\\Users\\Arie\\Documents\\Hacktiv8\\Materi\\Phase 3\\Final-Project\\CyberScape-server\\routes\\ratings.js": {"path":"C:\\Users\\Arie\\Documents\\Hacktiv8\\Materi\\Phase 3\\Final-Project\\CyberScape-server\\routes\\ratings.js","statementMap":{"0":{"start":{"line":1,"column":16},"end":{"line":1,"column":34}},"1":{"start":{"line":2,"column":26},"end":{"line":2,"column":70}},"2":{"start":{"line":3,"column":13},"end":{"line":3,"column":43}},"3":{"start":{"line":4,"column":15},"end":{"line":4,"column":31}},"4":{"start":{"line":6,"column":0},"end":{"line":6,"column":17}},"5":{"start":{"line":7,"column":0},"end":{"line":7,"column":53}},"6":{"start":{"line":8,"column":0},"end":{"line":8,"column":60}},"7":{"start":{"line":10,"column":0},"end":{"line":10,"column":24}}},"fnMap":{},"branchMap":{},"s":{"0":1,"1":1,"2":1,"3":1,"4":1,"5":1,"6":1,"7":1},"f":{},"b":{},"_coverageSchema":"1a1c01bbd47fc00a2c39e90264f33305004495a9","hash":"a90e4af1abdd7970697ff68b46fa49057f5d40cf"}
,"C:\\Users\\Arie\\Documents\\Hacktiv8\\Materi\\Phase 3\\Final-Project\\CyberScape-server\\routes\\rooms.js": {"path":"C:\\Users\\Arie\\Documents\\Hacktiv8\\Materi\\Phase 3\\Final-Project\\CyberScape-server\\routes\\rooms.js","statementMap":{"0":{"start":{"line":1,"column":16},"end":{"line":1,"column":34}},"1":{"start":{"line":2,"column":24},"end":{"line":2,"column":65}},"2":{"start":{"line":3,"column":15},"end":{"line":3,"column":31}},"3":{"start":{"line":5,"column":0},"end":{"line":5,"column":45}},"4":{"start":{"line":6,"column":0},"end":{"line":6,"column":48}},"5":{"start":{"line":7,"column":0},"end":{"line":7,"column":53}},"6":{"start":{"line":9,"column":0},"end":{"line":9,"column":24}}},"fnMap":{},"branchMap":{},"s":{"0":1,"1":1,"2":1,"3":1,"4":1,"5":1,"6":1},"f":{},"b":{},"_coverageSchema":"1a1c01bbd47fc00a2c39e90264f33305004495a9","hash":"0dcc3666199c06e78842ed016c447c2fae5d6fcf"}
,"C:\\Users\\Arie\\Documents\\Hacktiv8\\Materi\\Phase 3\\Final-Project\\CyberScape-server\\routes\\users.js": {"path":"C:\\Users\\Arie\\Documents\\Hacktiv8\\Materi\\Phase 3\\Final-Project\\CyberScape-server\\routes\\users.js","statementMap":{"0":{"start":{"line":1,"column":16},"end":{"line":1,"column":34}},"1":{"start":{"line":2,"column":24},"end":{"line":2,"column":65}},"2":{"start":{"line":3,"column":13},"end":{"line":3,"column":43}},"3":{"start":{"line":4,"column":15},"end":{"line":4,"column":31}},"4":{"start":{"line":6,"column":0},"end":{"line":6,"column":51}},"5":{"start":{"line":7,"column":0},"end":{"line":7,"column":45}},"6":{"start":{"line":8,"column":0},"end":{"line":8,"column":50}},"7":{"start":{"line":10,"column":0},"end":{"line":10,"column":24}}},"fnMap":{},"branchMap":{},"s":{"0":1,"1":1,"2":1,"3":1,"4":1,"5":1,"6":1,"7":1},"f":{},"b":{},"_coverageSchema":"1a1c01bbd47fc00a2c39e90264f33305004495a9","hash":"5736ca372d18099a8ee2016db7bbbc7e301c2d23"}
}
