TN:
SF:app.js
FN:22,(anonymous_0)
FN:139,oo_cm
FN:139,oo_oo
FN:139,oo_tr
FN:139,oo_ts
FN:139,oo_te
FNF:6
FNH:3
FNDA:27,(anonymous_0)
FNDA:27,oo_cm
FNDA:27,oo_oo
FNDA:0,oo_tr
FNDA:0,oo_ts
FNDA:0,oo_te
DA:1,6
DA:2,6
DA:5,6
DA:6,6
DA:7,6
DA:8,6
DA:9,6
DA:11,6
DA:16,6
DA:17,6
DA:18,6
DA:19,6
DA:22,6
DA:23,27
DA:24,27
DA:26,5
DA:28,5
DA:31,5
DA:34,1
DA:42,1
DA:45,1
DA:48,12
DA:51,12
DA:60,2
DA:63,2
DA:66,1
DA:69,1
DA:71,1
DA:74,1
DA:77,1
DA:80,1
DA:88,1
DA:91,1
DA:101,1
DA:104,1
DA:107,1
DA:110,1
DA:119,1
DA:122,1
DA:125,0
DA:132,6
DA:139,27
LF:42
LH:41
BRDA:1,0,0,6
BRDA:1,0,1,0
BRDA:24,1,0,5
BRDA:24,1,1,1
BRDA:24,1,2,12
BRDA:24,1,3,2
BRDA:24,1,4,1
BRDA:24,1,5,1
BRDA:24,1,6,1
BRDA:24,1,7,1
BRDA:24,1,8,1
BRDA:24,1,9,1
BRDA:24,1,10,1
BRDA:24,1,11,0
BRDA:139,2,0,27
BRDA:139,2,1,4
BRF:16
BRH:14
end_of_record
TN:
SF:controllers\NFTsController.js
FN:9,(anonymous_0)
FN:82,(anonymous_1)
FN:150,(anonymous_2)
FN:193,oo_cm
FN:193,oo_oo
FN:193,oo_tr
FN:193,oo_ts
FN:193,oo_te
FNF:8
FNH:5
FNDA:1,(anonymous_0)
FNDA:100,(anonymous_1)
FNDA:1,(anonymous_2)
FNDA:20,oo_cm
FNDA:20,oo_oo
FNDA:0,oo_tr
FNDA:0,oo_ts
FNDA:0,oo_te
DA:1,6
DA:2,6
DA:3,6
DA:4,6
DA:5,6
DA:10,1
DA:12,1
DA:13,1
DA:14,10
DA:15,10
DA:20,10
DA:22,10
DA:23,10
DA:36,10
DA:38,10
DA:39,10
DA:50,10
DA:51,10
DA:52,10
DA:53,10
DA:55,10
DA:61,10
DA:63,10
DA:76,10
DA:79,10
DA:83,100
DA:84,100
DA:85,100
DA:86,100
DA:96,10
DA:98,10
DA:104,100
DA:106,100
DA:108,100
DA:109,0
DA:112,100
DA:124,100
DA:127,100
DA:129,100
DA:140,10
DA:143,1
DA:151,1
DA:152,1
DA:154,1
DA:170,1
DA:171,0
DA:177,1
DA:179,1
DA:186,6
DA:193,20
LF:50
LH:48
BRDA:38,0,0,10
BRDA:38,0,1,0
BRDA:76,1,0,0
BRDA:76,1,1,10
BRDA:108,2,0,0
BRDA:108,2,1,100
BRDA:108,3,0,100
BRDA:108,3,1,100
BRDA:124,4,0,0
BRDA:124,4,1,100
BRDA:170,5,0,0
BRDA:170,5,1,1
BRDA:193,6,0,20
BRDA:193,6,1,1
BRF:14
BRH:9
end_of_record
TN:
SF:controllers\newsController.js
FN:5,(anonymous_0)
FNF:1
FNH:1
FNDA:1,(anonymous_0)
DA:1,6
DA:2,6
DA:6,1
DA:7,1
DA:8,1
DA:9,1
DA:11,1
DA:18,1
DA:20,0
DA:25,6
LF:10
LH:9
BRF:0
BRH:0
end_of_record
TN:
SF:controllers\ratingsControllers.js
FN:4,(anonymous_0)
FN:52,(anonymous_1)
FNF:2
FNH:2
FNDA:3,(anonymous_0)
FNDA:1,(anonymous_1)
DA:1,6
DA:5,3
DA:6,3
DA:7,3
DA:8,3
DA:10,3
DA:12,2
DA:24,2
DA:25,1
DA:28,1
DA:29,1
DA:30,1
DA:31,1
DA:32,1
DA:34,1
DA:44,1
DA:48,2
DA:53,1
DA:54,1
DA:55,1
DA:56,1
DA:58,1
DA:65,1
DA:76,1
DA:77,1
DA:78,1
DA:79,1
DA:81,1
DA:91,1
DA:95,0
DA:100,6
LF:31
LH:30
BRDA:10,0,0,1
BRDA:10,0,1,2
BRDA:24,1,0,1
BRDA:24,1,1,1
BRF:4
BRH:4
end_of_record
TN:
SF:controllers\roomsController.js
FN:4,(anonymous_0)
FN:43,(anonymous_1)
FNF:2
FNH:2
FNDA:1,(anonymous_0)
FNDA:2,(anonymous_1)
DA:1,6
DA:5,1
DA:6,1
DA:8,1
DA:22,1
DA:23,0
DA:32,1
DA:34,1
DA:44,2
DA:45,2
DA:49,2
DA:63,2
DA:64,1
DA:66,1
DA:71,1
DA:76,6
LF:16
LH:15
BRDA:22,0,0,0
BRDA:22,0,1,1
BRDA:63,1,0,1
BRDA:63,1,1,1
BRF:4
BRH:3
end_of_record
TN:
SF:controllers\userFavoritesController.js
FN:4,(anonymous_0)
FN:32,(anonymous_1)
FNF:2
FNH:2
FNDA:2,(anonymous_0)
FNDA:2,(anonymous_1)
DA:1,6
DA:5,2
DA:6,2
DA:7,2
DA:9,2
DA:24,1
DA:28,1
DA:33,2
DA:34,2
DA:35,2
DA:37,2
DA:44,2
DA:45,1
DA:48,1
DA:52,1
DA:57,6
LF:16
LH:16
BRDA:44,0,0,1
BRDA:44,0,1,1
BRF:2
BRH:2
end_of_record
TN:
SF:controllers\usersController.js
FN:8,(anonymous_0)
FN:39,(anonymous_1)
FN:77,(anonymous_2)
FN:117,(anonymous_3)
FN:161,(anonymous_4)
FN:220,(anonymous_5)
FN:247,(anonymous_6)
FN:284,oo_cm
FN:284,oo_oo
FN:284,oo_tr
FN:284,oo_ts
FN:284,oo_te
FNF:12
FNH:9
FNDA:7,(anonymous_0)
FNDA:3,(anonymous_1)
FNDA:1,(anonymous_2)
FNDA:1,(anonymous_3)
FNDA:2,(anonymous_4)
FNDA:2,(anonymous_5)
FNDA:1,(anonymous_6)
FNDA:9,oo_cm
FNDA:9,oo_oo
FNDA:0,oo_tr
FNDA:0,oo_ts
FNDA:0,oo_te
DA:1,6
DA:2,6
DA:3,6
DA:4,6
DA:5,6
DA:9,7
DA:15,7
DA:17,7
DA:24,1
DA:29,1
DA:31,1
DA:35,6
DA:40,3
DA:44,3
DA:46,3
DA:47,3
DA:53,3
DA:54,1
DA:57,2
DA:59,2
DA:60,1
DA:63,1
DA:67,1
DA:69,1
DA:73,2
DA:78,1
DA:79,1
DA:81,1
DA:111,1
DA:118,1
DA:120,1
DA:122,1
DA:128,1
DA:130,1
DA:145,1
DA:150,1
DA:155,1
DA:162,2
DA:164,2
DA:165,2
DA:171,2
DA:177,2
DA:183,2
DA:185,2
DA:186,1
DA:189,1
DA:191,1
DA:198,1
DA:200,1
DA:202,1
DA:212,1
DA:216,1
DA:221,2
DA:222,2
DA:224,2
DA:225,1
DA:228,1
DA:230,1
DA:239,1
DA:243,1
DA:248,1
DA:249,1
DA:251,1
DA:264,1
DA:277,6
DA:284,9
LF:66
LH:66
BRDA:53,0,0,1
BRDA:53,0,1,2
BRDA:59,1,0,1
BRDA:59,1,1,1
BRDA:185,2,0,1
BRDA:185,2,1,1
BRDA:224,3,0,1
BRDA:224,3,1,1
BRDA:284,4,0,9
BRDA:284,4,1,0
BRF:10
BRH:9
end_of_record
TN:
SF:data\artists.js
FNF:0
FNH:0
DA:1,6
DA:64,6
LF:2
LH:2
BRF:0
BRH:0
end_of_record
TN:
SF:data\position.js
FNF:0
FNH:0
DA:1,6
LF:1
LH:1
BRF:0
BRH:0
end_of_record
TN:
SF:helpers\bcrypt.js
FN:4,(anonymous_0)
FN:5,(anonymous_1)
FNF:2
FNH:2
FNDA:4,(anonymous_0)
FNDA:2,(anonymous_1)
DA:1,6
DA:3,6
DA:4,4
DA:5,2
LF:4
LH:4
BRF:0
BRH:0
end_of_record
TN:
SF:helpers\jwt.js
FN:4,(anonymous_0)
FN:5,(anonymous_1)
FNF:2
FNH:2
FNDA:8,(anonymous_0)
FNDA:27,(anonymous_1)
DA:1,6
DA:3,6
DA:4,8
DA:5,27
LF:4
LH:4
BRF:0
BRH:0
end_of_record
TN:
SF:helpers\nodemailer.js
FN:3,nodeMailer
FNF:1
FNH:1
FNDA:1,nodeMailer
DA:2,6
DA:4,1
DA:15,1
DA:27,6
LF:4
LH:4
BRF:0
BRH:0
end_of_record
TN:
SF:lib\insertRatingData.js
FN:5,insertRatingData
FNF:1
FNH:1
FNDA:1,insertRatingData
DA:1,1
DA:2,1
DA:3,1
DA:6,1
DA:7,1
DA:10,1
DA:43,1
LF:7
LH:7
BRF:0
BRH:0
end_of_record
TN:
SF:middlewares\auth.js
FN:3,auth
FNF:1
FNH:1
FNDA:26,auth
DA:1,6
DA:3,6
DA:4,26
DA:5,26
DA:8,26
DA:10,14
DA:12,12
LF:7
LH:7
BRF:0
BRH:0
end_of_record
TN:
SF:middlewares\author.js
FN:3,author
FNF:1
FNH:1
FNDA:5,author
DA:1,6
DA:3,6
DA:4,5
DA:5,5
DA:6,5
DA:7,5
DA:8,5
DA:10,5
DA:11,5
LF:9
LH:9
BRDA:10,0,0,5
BRDA:10,0,1,0
BRF:2
BRH:1
end_of_record
TN:
SF:middlewares\verify.js
FN:4,verify
FNF:1
FNH:1
FNDA:1,verify
DA:1,6
DA:2,6
DA:4,6
DA:5,1
DA:6,1
DA:8,1
DA:10,1
DA:16,1
DA:17,1
DA:18,1
DA:26,1
DA:27,1
LF:12
LH:12
BRDA:26,0,0,1
BRDA:26,0,1,0
BRF:2
BRH:1
end_of_record
TN:
SF:models\artist.js
FN:5,(anonymous_0)
FN:12,(anonymous_1)
FNF:2
FNH:2
FNDA:6,(anonymous_0)
FNDA:6,(anonymous_1)
DA:4,6
DA:5,6
DA:14,6
DA:17,6
DA:26,6
LF:5
LH:5
BRF:0
BRH:0
end_of_record
TN:
SF:models\index.js
FN:21,(anonymous_0)
FN:29,(anonymous_1)
FN:34,(anonymous_2)
FNF:3
FNH:3
FNDA:54,(anonymous_0)
FNDA:48,(anonymous_1)
FNDA:48,(anonymous_2)
DA:3,6
DA:4,6
DA:5,6
DA:6,6
DA:7,6
DA:8,6
DA:9,6
DA:10,6
DA:13,6
DA:14,0
DA:16,6
DA:19,6
DA:22,54
DA:30,48
DA:31,48
DA:34,6
DA:35,48
DA:36,48
DA:40,6
DA:41,6
DA:43,6
LF:21
LH:20
BRDA:8,0,0,6
BRDA:8,0,1,0
BRDA:13,1,0,0
BRDA:13,1,1,6
BRDA:23,2,0,54
BRDA:23,2,1,54
BRDA:23,2,2,48
BRDA:23,2,3,48
BRDA:35,3,0,48
BRDA:35,3,1,0
BRF:10
BRH:7
end_of_record
TN:
SF:models\log.js
FN:5,(anonymous_0)
FN:12,(anonymous_1)
FNF:2
FNH:2
FNDA:6,(anonymous_0)
FNDA:6,(anonymous_1)
DA:4,6
DA:5,6
DA:13,6
DA:16,6
DA:33,6
LF:5
LH:5
BRF:0
BRH:0
end_of_record
TN:
SF:models\nft.js
FN:5,(anonymous_0)
FN:12,(anonymous_1)
FNF:2
FNH:2
FNDA:6,(anonymous_0)
FNDA:6,(anonymous_1)
DA:4,6
DA:5,6
DA:14,6
DA:15,6
DA:18,6
DA:35,6
LF:6
LH:6
BRF:0
BRH:0
end_of_record
TN:
SF:models\rating.js
FN:5,(anonymous_0)
FN:12,(anonymous_1)
FNF:2
FNH:2
FNDA:6,(anonymous_0)
FNDA:6,(anonymous_1)
DA:4,6
DA:5,6
DA:14,6
DA:15,6
DA:18,6
DA:38,6
LF:6
LH:6
BRF:0
BRH:0
end_of_record
TN:
SF:models\room.js
FN:5,(anonymous_0)
FN:12,(anonymous_1)
FNF:2
FNH:2
FNDA:6,(anonymous_0)
FNDA:6,(anonymous_1)
DA:4,6
DA:5,6
DA:14,6
DA:15,6
DA:18,6
DA:33,6
LF:6
LH:6
BRF:0
BRH:0
end_of_record
TN:
SF:models\roomnft.js
FN:5,(anonymous_0)
FN:12,(anonymous_1)
FNF:2
FNH:2
FNDA:6,(anonymous_0)
FNDA:6,(anonymous_1)
DA:4,6
DA:5,6
DA:14,6
DA:15,6
DA:18,6
DA:38,6
LF:6
LH:6
BRF:0
BRH:0
end_of_record
TN:
SF:models\user.js
FN:6,(anonymous_0)
FN:13,(anonymous_1)
FN:69,(anonymous_2)
FNF:3
FNH:3
FNDA:6,(anonymous_0)
FNDA:6,(anonymous_1)
FNDA:2,(anonymous_2)
DA:4,6
DA:5,6
DA:6,6
DA:15,6
DA:16,6
DA:17,6
DA:20,6
DA:70,2
DA:71,2
DA:72,2
DA:73,2
DA:79,6
LF:12
LH:12
BRF:0
BRH:0
end_of_record
TN:
SF:models\userfavorite.js
FN:5,(anonymous_0)
FN:12,(anonymous_1)
FNF:2
FNH:2
FNDA:6,(anonymous_0)
FNDA:6,(anonymous_1)
DA:4,6
DA:5,6
DA:14,6
DA:15,6
DA:18,6
DA:37,6
LF:6
LH:6
BRF:0
BRH:0
end_of_record
TN:
SF:routes\favorites.js
FNF:0
FNH:0
DA:1,6
DA:2,6
DA:3,6
DA:4,6
DA:6,6
DA:7,6
DA:8,6
DA:10,6
LF:8
LH:8
BRF:0
BRH:0
end_of_record
TN:
SF:routes\index.js
FNF:0
FNH:0
DA:1,6
DA:2,6
DA:3,6
DA:4,6
DA:5,6
DA:6,6
DA:7,6
DA:8,6
DA:10,6
DA:11,6
DA:12,6
DA:13,6
DA:14,6
DA:15,6
DA:17,6
LF:15
LH:15
BRF:0
BRH:0
end_of_record
TN:
SF:routes\news.js
FNF:0
FNH:0
DA:1,6
DA:2,6
DA:4,6
DA:6,6
DA:8,6
LF:5
LH:5
BRF:0
BRH:0
end_of_record
TN:
SF:routes\nfts.js
FNF:0
FNH:0
DA:1,6
DA:2,6
DA:3,6
DA:5,6
DA:6,6
DA:8,6
LF:6
LH:6
BRF:0
BRH:0
end_of_record
TN:
SF:routes\ratings.js
FNF:0
FNH:0
DA:1,6
DA:2,6
DA:3,6
DA:4,6
DA:6,6
DA:7,6
DA:8,6
DA:10,6
LF:8
LH:8
BRF:0
BRH:0
end_of_record
TN:
SF:routes\rooms.js
FNF:0
FNH:0
DA:1,6
DA:2,6
DA:3,6
DA:5,6
DA:6,6
DA:8,6
LF:6
LH:6
BRF:0
BRH:0
end_of_record
TN:
SF:routes\users.js
FNF:0
FNH:0
DA:1,6
DA:2,6
DA:3,6
DA:4,6
DA:5,6
DA:6,6
DA:8,6
DA:9,6
DA:10,6
DA:11,6
DA:12,6
DA:13,6
DA:14,6
DA:17,6
LF:14
LH:14
BRF:0
BRH:0
end_of_record
